shuffle:                                                  image  ...                               file_name
0    <PIL.JpegImagePlugin.JpegImageFile image mode=...  ...      Black_Footed_Albatross_0074_59.jpg
1    <PIL.JpegImagePlugin.JpegImageFile image mode=...  ...          Crested_Auklet_0045_794940.jpg
2    <PIL.JpegImagePlugin.JpegImageFile image mode=...  ...         Sooty_Albatross_0064_796343.jpg
3    <PIL.JpegImagePlugin.JpegImageFile image mode=...  ...  Black_Footed_Albatross_0047_796064.jpg
4    <PIL.JpegImagePlugin.JpegImageFile image mode=...  ...         Groove_Billed_Ani_0076_1661.jpg
..                                                 ...  ...                                     ...
145  <PIL.JpegImagePlugin.JpegImageFile image mode=...  ...      Black_Footed_Albatross_0014_89.jpg
146  <PIL.JpegImagePlugin.JpegImageFile image mode=...  ...           Laysan_Albatross_0006_702.jpg
147  <PIL.JpegImagePlugin.JpegImageFile image mode=...  ...  Black_Footed_Albatross_0069_796139.jpg
148  <PIL.JpegImagePlugin.JpegImageFile image mode=...  ...  Black_Footed_Albatross_0019_796104.jpg
149  <PIL.JpegImagePlugin.JpegImageFile image mode=...  ...      Black_Footed_Albatross_0009_34.jpg

[150 rows x 4 columns]
shuffle:                                                  image  ...                               file_name
0    <PIL.JpegImagePlugin.JpegImageFile image mode=...  ...           Laysan_Albatross_0012_696.jpg
1    <PIL.JpegImagePlugin.JpegImageFile image mode=...  ...           Laysan_Albatross_0059_488.jpg
2    <PIL.JpegImagePlugin.JpegImageFile image mode=...  ...          Laysan_Albatross_0023_1059.jpg
3    <PIL.JpegImagePlugin.JpegImageFile image mode=...  ...  Black_Footed_Albatross_0026_796095.jpg
4    <PIL.JpegImagePlugin.JpegImageFile image mode=...  ...         Groove_Billed_Ani_0035_1591.jpg
..                                                 ...  ...                                     ...
127  <PIL.JpegImagePlugin.JpegImageFile image mode=...  ...  Black_Footed_Albatross_0005_796090.jpg
128  <PIL.JpegImagePlugin.JpegImageFile image mode=...  ...           Laysan_Albatross_0004_930.jpg
129  <PIL.JpegImagePlugin.JpegImageFile image mode=...  ...  Black_Footed_Albatross_0065_796068.jpg
130  <PIL.JpegImagePlugin.JpegImageFile image mode=...  ...  Black_Footed_Albatross_0008_796083.jpg
131  <PIL.JpegImagePlugin.JpegImageFile image mode=...  ...      Black_Footed_Albatross_0002_55.jpg

[132 rows x 4 columns]
(282, 1006)
(1006,)
(1006,)
(1006,)
[0, 4, 2, 0, 3, 3, 4, 2, 1, 1]
len x_train: (150, 1006)
type y_train[0]: <class 'int'>
Accuracy: 0.80
Classification Report:
              precision    recall  f1-score   support

           0       0.73      0.53      0.62        30
           1       0.70      0.93      0.80        30
           2       0.67      0.64      0.65        28
           3       1.00      1.00      1.00        30
           4       1.00      0.93      0.96        14

    accuracy                           0.80       132
   macro avg       0.82      0.81      0.81       132
weighted avg       0.80      0.80      0.79       132

