2025-01-24 13:09:11.898054: I tensorflow/stream_executor/cuda/cuda_gpu_executor.cc:937] successful NUMA node read from SysFS had negative value (-1), but there must be at least one NUMA node, so returning NUMA node zero
2025-01-24 13:09:11.906617: I tensorflow/stream_executor/cuda/cuda_gpu_executor.cc:937] successful NUMA node read from SysFS had negative value (-1), but there must be at least one NUMA node, so returning NUMA node zero
2025-01-24 13:09:11.908425: I tensorflow/stream_executor/cuda/cuda_gpu_executor.cc:937] successful NUMA node read from SysFS had negative value (-1), but there must be at least one NUMA node, so returning NUMA node zero
2025-01-24 13:09:35.728266: I tensorflow/core/platform/cpu_feature_guard.cc:142] This TensorFlow binary is optimized with oneAPI Deep Neural Network Library (oneDNN) to use the following CPU instructions in performance-critical operations:  AVX2 FMA
To enable them in other operations, rebuild TensorFlow with the appropriate compiler flags.
2025-01-24 13:09:35.728782: I tensorflow/stream_executor/cuda/cuda_gpu_executor.cc:937] successful NUMA node read from SysFS had negative value (-1), but there must be at least one NUMA node, so returning NUMA node zero
2025-01-24 13:09:35.732613: I tensorflow/stream_executor/cuda/cuda_gpu_executor.cc:937] successful NUMA node read from SysFS had negative value (-1), but there must be at least one NUMA node, so returning NUMA node zero
2025-01-24 13:09:35.734395: I tensorflow/stream_executor/cuda/cuda_gpu_executor.cc:937] successful NUMA node read from SysFS had negative value (-1), but there must be at least one NUMA node, so returning NUMA node zero
2025-01-24 13:09:36.311528: I tensorflow/stream_executor/cuda/cuda_gpu_executor.cc:937] successful NUMA node read from SysFS had negative value (-1), but there must be at least one NUMA node, so returning NUMA node zero
2025-01-24 13:09:36.312897: I tensorflow/stream_executor/cuda/cuda_gpu_executor.cc:937] successful NUMA node read from SysFS had negative value (-1), but there must be at least one NUMA node, so returning NUMA node zero
2025-01-24 13:09:36.314060: I tensorflow/stream_executor/cuda/cuda_gpu_executor.cc:937] successful NUMA node read from SysFS had negative value (-1), but there must be at least one NUMA node, so returning NUMA node zero
2025-01-24 13:09:36.315183: I tensorflow/core/common_runtime/gpu/gpu_device.cc:1510] Created device /job:localhost/replica:0/task:0/device:GPU:0 with 78930 MB memory:  -> device: 0, name: NVIDIA A100 80GB PCIe, pci bus id: 0000:81:00.0, compute capability: 8.0
2025-01-24 13:09:38.901828: I tensorflow/compiler/mlir/mlir_graph_optimization_pass.cc:185] None of the MLIR Optimization Passes are enabled (registered 2)
2025-01-24 13:09:41.989360: I tensorflow/stream_executor/cuda/cuda_blas.cc:1760] TensorFloat-32 will be used for the matrix multiplication. This will only be logged once.
2025-01-24 13:09:56.427630: I tensorflow/stream_executor/cuda/cuda_dnn.cc:369] Loaded cuDNN version 8100
/home/limei/miniconda3/envs/old-tf/lib/python3.6/site-packages/sklearn_extra/cluster/_k_medoids.py:333: UserWarning: Cluster 1 is empty! self.labels_[self.medoid_indices_[1]] may not be labeled with its corresponding cluster (1).
  "its corresponding cluster ({k}).".format(k=k)
/home/limei/miniconda3/envs/old-tf/lib/python3.6/site-packages/sklearn_extra/cluster/_k_medoids.py:333: UserWarning: Cluster 2 is empty! self.labels_[self.medoid_indices_[2]] may not be labeled with its corresponding cluster (2).
  "its corresponding cluster ({k}).".format(k=k)
/home/limei/miniconda3/envs/old-tf/lib/python3.6/site-packages/sklearn_extra/cluster/_k_medoids.py:333: UserWarning: Cluster 6 is empty! self.labels_[self.medoid_indices_[6]] may not be labeled with its corresponding cluster (6).
  "its corresponding cluster ({k}).".format(k=k)
/home/limei/miniconda3/envs/old-tf/lib/python3.6/site-packages/sklearn_extra/cluster/_k_medoids.py:333: UserWarning: Cluster 8 is empty! self.labels_[self.medoid_indices_[8]] may not be labeled with its corresponding cluster (8).
  "its corresponding cluster ({k}).".format(k=k)
/home/limei/miniconda3/envs/old-tf/lib/python3.6/site-packages/sklearn_extra/cluster/_k_medoids.py:333: UserWarning: Cluster 9 is empty! self.labels_[self.medoid_indices_[9]] may not be labeled with its corresponding cluster (9).
  "its corresponding cluster ({k}).".format(k=k)
/home/limei/miniconda3/envs/old-tf/lib/python3.6/site-packages/sklearn_extra/cluster/_k_medoids.py:333: UserWarning: Cluster 10 is empty! self.labels_[self.medoid_indices_[10]] may not be labeled with its corresponding cluster (10).
  "its corresponding cluster ({k}).".format(k=k)
/home/limei/miniconda3/envs/old-tf/lib/python3.6/site-packages/sklearn_extra/cluster/_k_medoids.py:333: UserWarning: Cluster 11 is empty! self.labels_[self.medoid_indices_[11]] may not be labeled with its corresponding cluster (11).
  "its corresponding cluster ({k}).".format(k=k)
/home/limei/miniconda3/envs/old-tf/lib/python3.6/site-packages/sklearn_extra/cluster/_k_medoids.py:333: UserWarning: Cluster 12 is empty! self.labels_[self.medoid_indices_[12]] may not be labeled with its corresponding cluster (12).
  "its corresponding cluster ({k}).".format(k=k)
/home/limei/miniconda3/envs/old-tf/lib/python3.6/site-packages/sklearn_extra/cluster/_k_medoids.py:333: UserWarning: Cluster 13 is empty! self.labels_[self.medoid_indices_[13]] may not be labeled with its corresponding cluster (13).
  "its corresponding cluster ({k}).".format(k=k)
/home/limei/miniconda3/envs/old-tf/lib/python3.6/site-packages/sklearn_extra/cluster/_k_medoids.py:333: UserWarning: Cluster 16 is empty! self.labels_[self.medoid_indices_[16]] may not be labeled with its corresponding cluster (16).
  "its corresponding cluster ({k}).".format(k=k)
/home/limei/miniconda3/envs/old-tf/lib/python3.6/site-packages/sklearn_extra/cluster/_k_medoids.py:333: UserWarning: Cluster 17 is empty! self.labels_[self.medoid_indices_[17]] may not be labeled with its corresponding cluster (17).
  "its corresponding cluster ({k}).".format(k=k)
/home/limei/miniconda3/envs/old-tf/lib/python3.6/site-packages/sklearn_extra/cluster/_k_medoids.py:333: UserWarning: Cluster 19 is empty! self.labels_[self.medoid_indices_[19]] may not be labeled with its corresponding cluster (19).
  "its corresponding cluster ({k}).".format(k=k)
/home/limei/miniconda3/envs/old-tf/lib/python3.6/site-packages/sklearn_extra/cluster/_k_medoids.py:333: UserWarning: Cluster 21 is empty! self.labels_[self.medoid_indices_[21]] may not be labeled with its corresponding cluster (21).
  "its corresponding cluster ({k}).".format(k=k)
/home/limei/miniconda3/envs/old-tf/lib/python3.6/site-packages/sklearn_extra/cluster/_k_medoids.py:333: UserWarning: Cluster 22 is empty! self.labels_[self.medoid_indices_[22]] may not be labeled with its corresponding cluster (22).
  "its corresponding cluster ({k}).".format(k=k)
/home/limei/miniconda3/envs/old-tf/lib/python3.6/site-packages/sklearn_extra/cluster/_k_medoids.py:333: UserWarning: Cluster 23 is empty! self.labels_[self.medoid_indices_[23]] may not be labeled with its corresponding cluster (23).
  "its corresponding cluster ({k}).".format(k=k)
/home/limei/miniconda3/envs/old-tf/lib/python3.6/site-packages/sklearn_extra/cluster/_k_medoids.py:333: UserWarning: Cluster 24 is empty! self.labels_[self.medoid_indices_[24]] may not be labeled with its corresponding cluster (24).
  "its corresponding cluster ({k}).".format(k=k)
/home/limei/miniconda3/envs/old-tf/lib/python3.6/site-packages/sklearn_extra/cluster/_k_medoids.py:333: UserWarning: Cluster 25 is empty! self.labels_[self.medoid_indices_[25]] may not be labeled with its corresponding cluster (25).
  "its corresponding cluster ({k}).".format(k=k)
/home/limei/miniconda3/envs/old-tf/lib/python3.6/site-packages/sklearn_extra/cluster/_k_medoids.py:333: UserWarning: Cluster 26 is empty! self.labels_[self.medoid_indices_[26]] may not be labeled with its corresponding cluster (26).
  "its corresponding cluster ({k}).".format(k=k)
/home/limei/miniconda3/envs/old-tf/lib/python3.6/site-packages/sklearn_extra/cluster/_k_medoids.py:333: UserWarning: Cluster 27 is empty! self.labels_[self.medoid_indices_[27]] may not be labeled with its corresponding cluster (27).
  "its corresponding cluster ({k}).".format(k=k)
/home/limei/miniconda3/envs/old-tf/lib/python3.6/site-packages/sklearn_extra/cluster/_k_medoids.py:333: UserWarning: Cluster 30 is empty! self.labels_[self.medoid_indices_[30]] may not be labeled with its corresponding cluster (30).
  "its corresponding cluster ({k}).".format(k=k)
/home/limei/miniconda3/envs/old-tf/lib/python3.6/site-packages/sklearn_extra/cluster/_k_medoids.py:333: UserWarning: Cluster 31 is empty! self.labels_[self.medoid_indices_[31]] may not be labeled with its corresponding cluster (31).
  "its corresponding cluster ({k}).".format(k=k)
/home/limei/miniconda3/envs/old-tf/lib/python3.6/site-packages/sklearn_extra/cluster/_k_medoids.py:333: UserWarning: Cluster 32 is empty! self.labels_[self.medoid_indices_[32]] may not be labeled with its corresponding cluster (32).
  "its corresponding cluster ({k}).".format(k=k)
/home/limei/miniconda3/envs/old-tf/lib/python3.6/site-packages/sklearn_extra/cluster/_k_medoids.py:333: UserWarning: Cluster 34 is empty! self.labels_[self.medoid_indices_[34]] may not be labeled with its corresponding cluster (34).
  "its corresponding cluster ({k}).".format(k=k)
/home/limei/miniconda3/envs/old-tf/lib/python3.6/site-packages/sklearn_extra/cluster/_k_medoids.py:333: UserWarning: Cluster 35 is empty! self.labels_[self.medoid_indices_[35]] may not be labeled with its corresponding cluster (35).
  "its corresponding cluster ({k}).".format(k=k)
/home/limei/miniconda3/envs/old-tf/lib/python3.6/site-packages/sklearn_extra/cluster/_k_medoids.py:333: UserWarning: Cluster 36 is empty! self.labels_[self.medoid_indices_[36]] may not be labeled with its corresponding cluster (36).
  "its corresponding cluster ({k}).".format(k=k)
/home/limei/miniconda3/envs/old-tf/lib/python3.6/site-packages/sklearn_extra/cluster/_k_medoids.py:333: UserWarning: Cluster 38 is empty! self.labels_[self.medoid_indices_[38]] may not be labeled with its corresponding cluster (38).
  "its corresponding cluster ({k}).".format(k=k)
/home/limei/miniconda3/envs/old-tf/lib/python3.6/site-packages/sklearn_extra/cluster/_k_medoids.py:333: UserWarning: Cluster 39 is empty! self.labels_[self.medoid_indices_[39]] may not be labeled with its corresponding cluster (39).
  "its corresponding cluster ({k}).".format(k=k)
/home/limei/miniconda3/envs/old-tf/lib/python3.6/site-packages/sklearn_extra/cluster/_k_medoids.py:333: UserWarning: Cluster 41 is empty! self.labels_[self.medoid_indices_[41]] may not be labeled with its corresponding cluster (41).
  "its corresponding cluster ({k}).".format(k=k)
/home/limei/miniconda3/envs/old-tf/lib/python3.6/site-packages/sklearn_extra/cluster/_k_medoids.py:333: UserWarning: Cluster 43 is empty! self.labels_[self.medoid_indices_[43]] may not be labeled with its corresponding cluster (43).
  "its corresponding cluster ({k}).".format(k=k)
/home/limei/miniconda3/envs/old-tf/lib/python3.6/site-packages/sklearn_extra/cluster/_k_medoids.py:333: UserWarning: Cluster 45 is empty! self.labels_[self.medoid_indices_[45]] may not be labeled with its corresponding cluster (45).
  "its corresponding cluster ({k}).".format(k=k)
/home/limei/miniconda3/envs/old-tf/lib/python3.6/site-packages/sklearn_extra/cluster/_k_medoids.py:333: UserWarning: Cluster 47 is empty! self.labels_[self.medoid_indices_[47]] may not be labeled with its corresponding cluster (47).
  "its corresponding cluster ({k}).".format(k=k)
/home/limei/miniconda3/envs/old-tf/lib/python3.6/site-packages/sklearn_extra/cluster/_k_medoids.py:333: UserWarning: Cluster 48 is empty! self.labels_[self.medoid_indices_[48]] may not be labeled with its corresponding cluster (48).
  "its corresponding cluster ({k}).".format(k=k)
/home/limei/miniconda3/envs/old-tf/lib/python3.6/site-packages/sklearn_extra/cluster/_k_medoids.py:333: UserWarning: Cluster 49 is empty! self.labels_[self.medoid_indices_[49]] may not be labeled with its corresponding cluster (49).
  "its corresponding cluster ({k}).".format(k=k)
/home/limei/miniconda3/envs/old-tf/lib/python3.6/site-packages/sklearn_extra/cluster/_k_medoids.py:333: UserWarning: Cluster 50 is empty! self.labels_[self.medoid_indices_[50]] may not be labeled with its corresponding cluster (50).
  "its corresponding cluster ({k}).".format(k=k)
/home/limei/miniconda3/envs/old-tf/lib/python3.6/site-packages/sklearn_extra/cluster/_k_medoids.py:333: UserWarning: Cluster 52 is empty! self.labels_[self.medoid_indices_[52]] may not be labeled with its corresponding cluster (52).
  "its corresponding cluster ({k}).".format(k=k)
/home/limei/miniconda3/envs/old-tf/lib/python3.6/site-packages/sklearn_extra/cluster/_k_medoids.py:333: UserWarning: Cluster 53 is empty! self.labels_[self.medoid_indices_[53]] may not be labeled with its corresponding cluster (53).
  "its corresponding cluster ({k}).".format(k=k)
/home/limei/miniconda3/envs/old-tf/lib/python3.6/site-packages/sklearn_extra/cluster/_k_medoids.py:333: UserWarning: Cluster 55 is empty! self.labels_[self.medoid_indices_[55]] may not be labeled with its corresponding cluster (55).
  "its corresponding cluster ({k}).".format(k=k)
/home/limei/miniconda3/envs/old-tf/lib/python3.6/site-packages/sklearn_extra/cluster/_k_medoids.py:333: UserWarning: Cluster 56 is empty! self.labels_[self.medoid_indices_[56]] may not be labeled with its corresponding cluster (56).
  "its corresponding cluster ({k}).".format(k=k)
/home/limei/miniconda3/envs/old-tf/lib/python3.6/site-packages/sklearn_extra/cluster/_k_medoids.py:333: UserWarning: Cluster 57 is empty! self.labels_[self.medoid_indices_[57]] may not be labeled with its corresponding cluster (57).
  "its corresponding cluster ({k}).".format(k=k)
/home/limei/miniconda3/envs/old-tf/lib/python3.6/site-packages/sklearn_extra/cluster/_k_medoids.py:333: UserWarning: Cluster 58 is empty! self.labels_[self.medoid_indices_[58]] may not be labeled with its corresponding cluster (58).
  "its corresponding cluster ({k}).".format(k=k)
/home/limei/miniconda3/envs/old-tf/lib/python3.6/site-packages/sklearn_extra/cluster/_k_medoids.py:333: UserWarning: Cluster 59 is empty! self.labels_[self.medoid_indices_[59]] may not be labeled with its corresponding cluster (59).
  "its corresponding cluster ({k}).".format(k=k)
/home/limei/miniconda3/envs/old-tf/lib/python3.6/site-packages/sklearn_extra/cluster/_k_medoids.py:333: UserWarning: Cluster 61 is empty! self.labels_[self.medoid_indices_[61]] may not be labeled with its corresponding cluster (61).
  "its corresponding cluster ({k}).".format(k=k)
/home/limei/miniconda3/envs/old-tf/lib/python3.6/site-packages/sklearn_extra/cluster/_k_medoids.py:333: UserWarning: Cluster 62 is empty! self.labels_[self.medoid_indices_[62]] may not be labeled with its corresponding cluster (62).
  "its corresponding cluster ({k}).".format(k=k)
/home/limei/miniconda3/envs/old-tf/lib/python3.6/site-packages/sklearn_extra/cluster/_k_medoids.py:333: UserWarning: Cluster 63 is empty! self.labels_[self.medoid_indices_[63]] may not be labeled with its corresponding cluster (63).
  "its corresponding cluster ({k}).".format(k=k)
/home/limei/miniconda3/envs/old-tf/lib/python3.6/site-packages/sklearn_extra/cluster/_k_medoids.py:333: UserWarning: Cluster 67 is empty! self.labels_[self.medoid_indices_[67]] may not be labeled with its corresponding cluster (67).
  "its corresponding cluster ({k}).".format(k=k)
/home/limei/miniconda3/envs/old-tf/lib/python3.6/site-packages/sklearn_extra/cluster/_k_medoids.py:333: UserWarning: Cluster 69 is empty! self.labels_[self.medoid_indices_[69]] may not be labeled with its corresponding cluster (69).
  "its corresponding cluster ({k}).".format(k=k)
/home/limei/miniconda3/envs/old-tf/lib/python3.6/site-packages/sklearn_extra/cluster/_k_medoids.py:333: UserWarning: Cluster 70 is empty! self.labels_[self.medoid_indices_[70]] may not be labeled with its corresponding cluster (70).
  "its corresponding cluster ({k}).".format(k=k)
/home/limei/miniconda3/envs/old-tf/lib/python3.6/site-packages/sklearn_extra/cluster/_k_medoids.py:333: UserWarning: Cluster 72 is empty! self.labels_[self.medoid_indices_[72]] may not be labeled with its corresponding cluster (72).
  "its corresponding cluster ({k}).".format(k=k)
/home/limei/miniconda3/envs/old-tf/lib/python3.6/site-packages/sklearn_extra/cluster/_k_medoids.py:333: UserWarning: Cluster 80 is empty! self.labels_[self.medoid_indices_[80]] may not be labeled with its corresponding cluster (80).
  "its corresponding cluster ({k}).".format(k=k)
/home/limei/miniconda3/envs/old-tf/lib/python3.6/site-packages/sklearn_extra/cluster/_k_medoids.py:333: UserWarning: Cluster 81 is empty! self.labels_[self.medoid_indices_[81]] may not be labeled with its corresponding cluster (81).
  "its corresponding cluster ({k}).".format(k=k)
/home/limei/miniconda3/envs/old-tf/lib/python3.6/site-packages/sklearn_extra/cluster/_k_medoids.py:333: UserWarning: Cluster 82 is empty! self.labels_[self.medoid_indices_[82]] may not be labeled with its corresponding cluster (82).
  "its corresponding cluster ({k}).".format(k=k)
/home/limei/miniconda3/envs/old-tf/lib/python3.6/site-packages/sklearn_extra/cluster/_k_medoids.py:333: UserWarning: Cluster 86 is empty! self.labels_[self.medoid_indices_[86]] may not be labeled with its corresponding cluster (86).
  "its corresponding cluster ({k}).".format(k=k)
/home/limei/miniconda3/envs/old-tf/lib/python3.6/site-packages/sklearn_extra/cluster/_k_medoids.py:333: UserWarning: Cluster 90 is empty! self.labels_[self.medoid_indices_[90]] may not be labeled with its corresponding cluster (90).
  "its corresponding cluster ({k}).".format(k=k)
/home/limei/miniconda3/envs/old-tf/lib/python3.6/site-packages/sklearn_extra/cluster/_k_medoids.py:333: UserWarning: Cluster 92 is empty! self.labels_[self.medoid_indices_[92]] may not be labeled with its corresponding cluster (92).
  "its corresponding cluster ({k}).".format(k=k)
/home/limei/miniconda3/envs/old-tf/lib/python3.6/site-packages/sklearn_extra/cluster/_k_medoids.py:333: UserWarning: Cluster 94 is empty! self.labels_[self.medoid_indices_[94]] may not be labeled with its corresponding cluster (94).
  "its corresponding cluster ({k}).".format(k=k)
/home/limei/miniconda3/envs/old-tf/lib/python3.6/site-packages/sklearn_extra/cluster/_k_medoids.py:333: UserWarning: Cluster 99 is empty! self.labels_[self.medoid_indices_[99]] may not be labeled with its corresponding cluster (99).
  "its corresponding cluster ({k}).".format(k=k)
/home/limei/miniconda3/envs/old-tf/lib/python3.6/site-packages/sklearn_extra/cluster/_k_medoids.py:333: UserWarning: Cluster 102 is empty! self.labels_[self.medoid_indices_[102]] may not be labeled with its corresponding cluster (102).
  "its corresponding cluster ({k}).".format(k=k)
/home/limei/miniconda3/envs/old-tf/lib/python3.6/site-packages/sklearn_extra/cluster/_k_medoids.py:333: UserWarning: Cluster 103 is empty! self.labels_[self.medoid_indices_[103]] may not be labeled with its corresponding cluster (103).
  "its corresponding cluster ({k}).".format(k=k)
/home/limei/miniconda3/envs/old-tf/lib/python3.6/site-packages/sklearn_extra/cluster/_k_medoids.py:333: UserWarning: Cluster 105 is empty! self.labels_[self.medoid_indices_[105]] may not be labeled with its corresponding cluster (105).
  "its corresponding cluster ({k}).".format(k=k)
/home/limei/miniconda3/envs/old-tf/lib/python3.6/site-packages/sklearn_extra/cluster/_k_medoids.py:333: UserWarning: Cluster 106 is empty! self.labels_[self.medoid_indices_[106]] may not be labeled with its corresponding cluster (106).
  "its corresponding cluster ({k}).".format(k=k)
/home/limei/miniconda3/envs/old-tf/lib/python3.6/site-packages/sklearn_extra/cluster/_k_medoids.py:333: UserWarning: Cluster 107 is empty! self.labels_[self.medoid_indices_[107]] may not be labeled with its corresponding cluster (107).
  "its corresponding cluster ({k}).".format(k=k)
/home/limei/miniconda3/envs/old-tf/lib/python3.6/site-packages/sklearn_extra/cluster/_k_medoids.py:333: UserWarning: Cluster 108 is empty! self.labels_[self.medoid_indices_[108]] may not be labeled with its corresponding cluster (108).
  "its corresponding cluster ({k}).".format(k=k)
/home/limei/miniconda3/envs/old-tf/lib/python3.6/site-packages/sklearn_extra/cluster/_k_medoids.py:333: UserWarning: Cluster 110 is empty! self.labels_[self.medoid_indices_[110]] may not be labeled with its corresponding cluster (110).
  "its corresponding cluster ({k}).".format(k=k)
/home/limei/miniconda3/envs/old-tf/lib/python3.6/site-packages/sklearn_extra/cluster/_k_medoids.py:333: UserWarning: Cluster 112 is empty! self.labels_[self.medoid_indices_[112]] may not be labeled with its corresponding cluster (112).
  "its corresponding cluster ({k}).".format(k=k)
/home/limei/miniconda3/envs/old-tf/lib/python3.6/site-packages/sklearn_extra/cluster/_k_medoids.py:333: UserWarning: Cluster 113 is empty! self.labels_[self.medoid_indices_[113]] may not be labeled with its corresponding cluster (113).
  "its corresponding cluster ({k}).".format(k=k)
/home/limei/miniconda3/envs/old-tf/lib/python3.6/site-packages/sklearn_extra/cluster/_k_medoids.py:333: UserWarning: Cluster 114 is empty! self.labels_[self.medoid_indices_[114]] may not be labeled with its corresponding cluster (114).
  "its corresponding cluster ({k}).".format(k=k)
/home/limei/miniconda3/envs/old-tf/lib/python3.6/site-packages/sklearn_extra/cluster/_k_medoids.py:333: UserWarning: Cluster 116 is empty! self.labels_[self.medoid_indices_[116]] may not be labeled with its corresponding cluster (116).
  "its corresponding cluster ({k}).".format(k=k)
/home/limei/miniconda3/envs/old-tf/lib/python3.6/site-packages/sklearn_extra/cluster/_k_medoids.py:333: UserWarning: Cluster 117 is empty! self.labels_[self.medoid_indices_[117]] may not be labeled with its corresponding cluster (117).
  "its corresponding cluster ({k}).".format(k=k)
/home/limei/miniconda3/envs/old-tf/lib/python3.6/site-packages/sklearn_extra/cluster/_k_medoids.py:333: UserWarning: Cluster 119 is empty! self.labels_[self.medoid_indices_[119]] may not be labeled with its corresponding cluster (119).
  "its corresponding cluster ({k}).".format(k=k)
/home/limei/miniconda3/envs/old-tf/lib/python3.6/site-packages/sklearn_extra/cluster/_k_medoids.py:333: UserWarning: Cluster 120 is empty! self.labels_[self.medoid_indices_[120]] may not be labeled with its corresponding cluster (120).
  "its corresponding cluster ({k}).".format(k=k)
/home/limei/miniconda3/envs/old-tf/lib/python3.6/site-packages/sklearn_extra/cluster/_k_medoids.py:333: UserWarning: Cluster 121 is empty! self.labels_[self.medoid_indices_[121]] may not be labeled with its corresponding cluster (121).
  "its corresponding cluster ({k}).".format(k=k)
/home/limei/miniconda3/envs/old-tf/lib/python3.6/site-packages/sklearn_extra/cluster/_k_medoids.py:333: UserWarning: Cluster 122 is empty! self.labels_[self.medoid_indices_[122]] may not be labeled with its corresponding cluster (122).
  "its corresponding cluster ({k}).".format(k=k)
/home/limei/miniconda3/envs/old-tf/lib/python3.6/site-packages/sklearn_extra/cluster/_k_medoids.py:333: UserWarning: Cluster 123 is empty! self.labels_[self.medoid_indices_[123]] may not be labeled with its corresponding cluster (123).
  "its corresponding cluster ({k}).".format(k=k)
/home/limei/miniconda3/envs/old-tf/lib/python3.6/site-packages/sklearn_extra/cluster/_k_medoids.py:333: UserWarning: Cluster 124 is empty! self.labels_[self.medoid_indices_[124]] may not be labeled with its corresponding cluster (124).
  "its corresponding cluster ({k}).".format(k=k)
/home/limei/miniconda3/envs/old-tf/lib/python3.6/site-packages/sklearn_extra/cluster/_k_medoids.py:333: UserWarning: Cluster 125 is empty! self.labels_[self.medoid_indices_[125]] may not be labeled with its corresponding cluster (125).
  "its corresponding cluster ({k}).".format(k=k)
/home/limei/miniconda3/envs/old-tf/lib/python3.6/site-packages/sklearn_extra/cluster/_k_medoids.py:333: UserWarning: Cluster 127 is empty! self.labels_[self.medoid_indices_[127]] may not be labeled with its corresponding cluster (127).
  "its corresponding cluster ({k}).".format(k=k)
/home/limei/miniconda3/envs/old-tf/lib/python3.6/site-packages/sklearn_extra/cluster/_k_medoids.py:333: UserWarning: Cluster 128 is empty! self.labels_[self.medoid_indices_[128]] may not be labeled with its corresponding cluster (128).
  "its corresponding cluster ({k}).".format(k=k)
/home/limei/miniconda3/envs/old-tf/lib/python3.6/site-packages/sklearn_extra/cluster/_k_medoids.py:333: UserWarning: Cluster 129 is empty! self.labels_[self.medoid_indices_[129]] may not be labeled with its corresponding cluster (129).
  "its corresponding cluster ({k}).".format(k=k)
/home/limei/miniconda3/envs/old-tf/lib/python3.6/site-packages/sklearn_extra/cluster/_k_medoids.py:333: UserWarning: Cluster 130 is empty! self.labels_[self.medoid_indices_[130]] may not be labeled with its corresponding cluster (130).
  "its corresponding cluster ({k}).".format(k=k)
/home/limei/miniconda3/envs/old-tf/lib/python3.6/site-packages/sklearn_extra/cluster/_k_medoids.py:333: UserWarning: Cluster 131 is empty! self.labels_[self.medoid_indices_[131]] may not be labeled with its corresponding cluster (131).
  "its corresponding cluster ({k}).".format(k=k)
/home/limei/miniconda3/envs/old-tf/lib/python3.6/site-packages/sklearn_extra/cluster/_k_medoids.py:333: UserWarning: Cluster 132 is empty! self.labels_[self.medoid_indices_[132]] may not be labeled with its corresponding cluster (132).
  "its corresponding cluster ({k}).".format(k=k)
/home/limei/miniconda3/envs/old-tf/lib/python3.6/site-packages/sklearn_extra/cluster/_k_medoids.py:333: UserWarning: Cluster 133 is empty! self.labels_[self.medoid_indices_[133]] may not be labeled with its corresponding cluster (133).
  "its corresponding cluster ({k}).".format(k=k)
/home/limei/miniconda3/envs/old-tf/lib/python3.6/site-packages/sklearn_extra/cluster/_k_medoids.py:333: UserWarning: Cluster 135 is empty! self.labels_[self.medoid_indices_[135]] may not be labeled with its corresponding cluster (135).
  "its corresponding cluster ({k}).".format(k=k)
/home/limei/miniconda3/envs/old-tf/lib/python3.6/site-packages/sklearn_extra/cluster/_k_medoids.py:333: UserWarning: Cluster 136 is empty! self.labels_[self.medoid_indices_[136]] may not be labeled with its corresponding cluster (136).
  "its corresponding cluster ({k}).".format(k=k)
/home/limei/miniconda3/envs/old-tf/lib/python3.6/site-packages/sklearn_extra/cluster/_k_medoids.py:333: UserWarning: Cluster 139 is empty! self.labels_[self.medoid_indices_[139]] may not be labeled with its corresponding cluster (139).
  "its corresponding cluster ({k}).".format(k=k)
/home/limei/miniconda3/envs/old-tf/lib/python3.6/site-packages/sklearn_extra/cluster/_k_medoids.py:333: UserWarning: Cluster 141 is empty! self.labels_[self.medoid_indices_[141]] may not be labeled with its corresponding cluster (141).
  "its corresponding cluster ({k}).".format(k=k)
/home/limei/miniconda3/envs/old-tf/lib/python3.6/site-packages/sklearn_extra/cluster/_k_medoids.py:333: UserWarning: Cluster 150 is empty! self.labels_[self.medoid_indices_[150]] may not be labeled with its corresponding cluster (150).
  "its corresponding cluster ({k}).".format(k=k)
/home/limei/miniconda3/envs/old-tf/lib/python3.6/site-packages/sklearn_extra/cluster/_k_medoids.py:333: UserWarning: Cluster 156 is empty! self.labels_[self.medoid_indices_[156]] may not be labeled with its corresponding cluster (156).
  "its corresponding cluster ({k}).".format(k=k)
/home/limei/miniconda3/envs/old-tf/lib/python3.6/site-packages/sklearn_extra/cluster/_k_medoids.py:333: UserWarning: Cluster 157 is empty! self.labels_[self.medoid_indices_[157]] may not be labeled with its corresponding cluster (157).
  "its corresponding cluster ({k}).".format(k=k)
/home/limei/miniconda3/envs/old-tf/lib/python3.6/site-packages/sklearn_extra/cluster/_k_medoids.py:333: UserWarning: Cluster 172 is empty! self.labels_[self.medoid_indices_[172]] may not be labeled with its corresponding cluster (172).
  "its corresponding cluster ({k}).".format(k=k)
/home/limei/miniconda3/envs/old-tf/lib/python3.6/site-packages/sklearn_extra/cluster/_k_medoids.py:333: UserWarning: Cluster 181 is empty! self.labels_[self.medoid_indices_[181]] may not be labeled with its corresponding cluster (181).
  "its corresponding cluster ({k}).".format(k=k)
/home/limei/miniconda3/envs/old-tf/lib/python3.6/site-packages/sklearn_extra/cluster/_k_medoids.py:333: UserWarning: Cluster 185 is empty! self.labels_[self.medoid_indices_[185]] may not be labeled with its corresponding cluster (185).
  "its corresponding cluster ({k}).".format(k=k)
/home/limei/miniconda3/envs/old-tf/lib/python3.6/site-packages/sklearn_extra/cluster/_k_medoids.py:333: UserWarning: Cluster 187 is empty! self.labels_[self.medoid_indices_[187]] may not be labeled with its corresponding cluster (187).
  "its corresponding cluster ({k}).".format(k=k)
/home/limei/miniconda3/envs/old-tf/lib/python3.6/site-packages/sklearn_extra/cluster/_k_medoids.py:333: UserWarning: Cluster 191 is empty! self.labels_[self.medoid_indices_[191]] may not be labeled with its corresponding cluster (191).
  "its corresponding cluster ({k}).".format(k=k)
/home/limei/miniconda3/envs/old-tf/lib/python3.6/site-packages/sklearn_extra/cluster/_k_medoids.py:333: UserWarning: Cluster 193 is empty! self.labels_[self.medoid_indices_[193]] may not be labeled with its corresponding cluster (193).
  "its corresponding cluster ({k}).".format(k=k)
/home/limei/miniconda3/envs/old-tf/lib/python3.6/site-packages/sklearn_extra/cluster/_k_medoids.py:333: UserWarning: Cluster 200 is empty! self.labels_[self.medoid_indices_[200]] may not be labeled with its corresponding cluster (200).
  "its corresponding cluster ({k}).".format(k=k)
/home/limei/miniconda3/envs/old-tf/lib/python3.6/site-packages/sklearn_extra/cluster/_k_medoids.py:333: UserWarning: Cluster 207 is empty! self.labels_[self.medoid_indices_[207]] may not be labeled with its corresponding cluster (207).
  "its corresponding cluster ({k}).".format(k=k)
/home/limei/miniconda3/envs/old-tf/lib/python3.6/site-packages/sklearn_extra/cluster/_k_medoids.py:333: UserWarning: Cluster 208 is empty! self.labels_[self.medoid_indices_[208]] may not be labeled with its corresponding cluster (208).
  "its corresponding cluster ({k}).".format(k=k)
/home/limei/miniconda3/envs/old-tf/lib/python3.6/site-packages/sklearn_extra/cluster/_k_medoids.py:333: UserWarning: Cluster 211 is empty! self.labels_[self.medoid_indices_[211]] may not be labeled with its corresponding cluster (211).
  "its corresponding cluster ({k}).".format(k=k)
/home/limei/miniconda3/envs/old-tf/lib/python3.6/site-packages/sklearn_extra/cluster/_k_medoids.py:333: UserWarning: Cluster 218 is empty! self.labels_[self.medoid_indices_[218]] may not be labeled with its corresponding cluster (218).
  "its corresponding cluster ({k}).".format(k=k)
/home/limei/miniconda3/envs/old-tf/lib/python3.6/site-packages/sklearn_extra/cluster/_k_medoids.py:333: UserWarning: Cluster 231 is empty! self.labels_[self.medoid_indices_[231]] may not be labeled with its corresponding cluster (231).
  "its corresponding cluster ({k}).".format(k=k)
/home/limei/miniconda3/envs/old-tf/lib/python3.6/site-packages/sklearn_extra/cluster/_k_medoids.py:333: UserWarning: Cluster 232 is empty! self.labels_[self.medoid_indices_[232]] may not be labeled with its corresponding cluster (232).
  "its corresponding cluster ({k}).".format(k=k)
/home/limei/miniconda3/envs/old-tf/lib/python3.6/site-packages/sklearn_extra/cluster/_k_medoids.py:333: UserWarning: Cluster 234 is empty! self.labels_[self.medoid_indices_[234]] may not be labeled with its corresponding cluster (234).
  "its corresponding cluster ({k}).".format(k=k)
/home/limei/miniconda3/envs/old-tf/lib/python3.6/site-packages/sklearn_extra/cluster/_k_medoids.py:333: UserWarning: Cluster 236 is empty! self.labels_[self.medoid_indices_[236]] may not be labeled with its corresponding cluster (236).
  "its corresponding cluster ({k}).".format(k=k)
/home/limei/miniconda3/envs/old-tf/lib/python3.6/site-packages/sklearn_extra/cluster/_k_medoids.py:333: UserWarning: Cluster 237 is empty! self.labels_[self.medoid_indices_[237]] may not be labeled with its corresponding cluster (237).
  "its corresponding cluster ({k}).".format(k=k)
/home/limei/miniconda3/envs/old-tf/lib/python3.6/site-packages/sklearn_extra/cluster/_k_medoids.py:333: UserWarning: Cluster 240 is empty! self.labels_[self.medoid_indices_[240]] may not be labeled with its corresponding cluster (240).
  "its corresponding cluster ({k}).".format(k=k)
/home/limei/miniconda3/envs/old-tf/lib/python3.6/site-packages/sklearn_extra/cluster/_k_medoids.py:333: UserWarning: Cluster 241 is empty! self.labels_[self.medoid_indices_[241]] may not be labeled with its corresponding cluster (241).
  "its corresponding cluster ({k}).".format(k=k)
/home/limei/miniconda3/envs/old-tf/lib/python3.6/site-packages/sklearn_extra/cluster/_k_medoids.py:333: UserWarning: Cluster 242 is empty! self.labels_[self.medoid_indices_[242]] may not be labeled with its corresponding cluster (242).
  "its corresponding cluster ({k}).".format(k=k)
/home/limei/miniconda3/envs/old-tf/lib/python3.6/site-packages/sklearn_extra/cluster/_k_medoids.py:333: UserWarning: Cluster 244 is empty! self.labels_[self.medoid_indices_[244]] may not be labeled with its corresponding cluster (244).
  "its corresponding cluster ({k}).".format(k=k)
/home/limei/miniconda3/envs/old-tf/lib/python3.6/site-packages/sklearn_extra/cluster/_k_medoids.py:333: UserWarning: Cluster 249 is empty! self.labels_[self.medoid_indices_[249]] may not be labeled with its corresponding cluster (249).
  "its corresponding cluster ({k}).".format(k=k)
/home/limei/miniconda3/envs/old-tf/lib/python3.6/site-packages/sklearn_extra/cluster/_k_medoids.py:333: UserWarning: Cluster 251 is empty! self.labels_[self.medoid_indices_[251]] may not be labeled with its corresponding cluster (251).
  "its corresponding cluster ({k}).".format(k=k)
/home/limei/miniconda3/envs/old-tf/lib/python3.6/site-packages/sklearn_extra/cluster/_k_medoids.py:333: UserWarning: Cluster 253 is empty! self.labels_[self.medoid_indices_[253]] may not be labeled with its corresponding cluster (253).
  "its corresponding cluster ({k}).".format(k=k)
/home/limei/miniconda3/envs/old-tf/lib/python3.6/site-packages/sklearn_extra/cluster/_k_medoids.py:333: UserWarning: Cluster 256 is empty! self.labels_[self.medoid_indices_[256]] may not be labeled with its corresponding cluster (256).
  "its corresponding cluster ({k}).".format(k=k)
/home/limei/miniconda3/envs/old-tf/lib/python3.6/site-packages/sklearn_extra/cluster/_k_medoids.py:333: UserWarning: Cluster 257 is empty! self.labels_[self.medoid_indices_[257]] may not be labeled with its corresponding cluster (257).
  "its corresponding cluster ({k}).".format(k=k)
/home/limei/miniconda3/envs/old-tf/lib/python3.6/site-packages/sklearn_extra/cluster/_k_medoids.py:333: UserWarning: Cluster 258 is empty! self.labels_[self.medoid_indices_[258]] may not be labeled with its corresponding cluster (258).
  "its corresponding cluster ({k}).".format(k=k)
/home/limei/miniconda3/envs/old-tf/lib/python3.6/site-packages/sklearn_extra/cluster/_k_medoids.py:333: UserWarning: Cluster 263 is empty! self.labels_[self.medoid_indices_[263]] may not be labeled with its corresponding cluster (263).
  "its corresponding cluster ({k}).".format(k=k)
/home/limei/miniconda3/envs/old-tf/lib/python3.6/site-packages/sklearn_extra/cluster/_k_medoids.py:333: UserWarning: Cluster 264 is empty! self.labels_[self.medoid_indices_[264]] may not be labeled with its corresponding cluster (264).
  "its corresponding cluster ({k}).".format(k=k)
/home/limei/miniconda3/envs/old-tf/lib/python3.6/site-packages/sklearn_extra/cluster/_k_medoids.py:333: UserWarning: Cluster 266 is empty! self.labels_[self.medoid_indices_[266]] may not be labeled with its corresponding cluster (266).
  "its corresponding cluster ({k}).".format(k=k)
/home/limei/miniconda3/envs/old-tf/lib/python3.6/site-packages/sklearn_extra/cluster/_k_medoids.py:333: UserWarning: Cluster 267 is empty! self.labels_[self.medoid_indices_[267]] may not be labeled with its corresponding cluster (267).
  "its corresponding cluster ({k}).".format(k=k)
/home/limei/miniconda3/envs/old-tf/lib/python3.6/site-packages/sklearn_extra/cluster/_k_medoids.py:333: UserWarning: Cluster 268 is empty! self.labels_[self.medoid_indices_[268]] may not be labeled with its corresponding cluster (268).
  "its corresponding cluster ({k}).".format(k=k)
/home/limei/miniconda3/envs/old-tf/lib/python3.6/site-packages/sklearn_extra/cluster/_k_medoids.py:333: UserWarning: Cluster 269 is empty! self.labels_[self.medoid_indices_[269]] may not be labeled with its corresponding cluster (269).
  "its corresponding cluster ({k}).".format(k=k)
/home/limei/miniconda3/envs/old-tf/lib/python3.6/site-packages/sklearn_extra/cluster/_k_medoids.py:333: UserWarning: Cluster 271 is empty! self.labels_[self.medoid_indices_[271]] may not be labeled with its corresponding cluster (271).
  "its corresponding cluster ({k}).".format(k=k)
/home/limei/miniconda3/envs/old-tf/lib/python3.6/site-packages/sklearn_extra/cluster/_k_medoids.py:333: UserWarning: Cluster 272 is empty! self.labels_[self.medoid_indices_[272]] may not be labeled with its corresponding cluster (272).
  "its corresponding cluster ({k}).".format(k=k)
/home/limei/miniconda3/envs/old-tf/lib/python3.6/site-packages/sklearn_extra/cluster/_k_medoids.py:333: UserWarning: Cluster 275 is empty! self.labels_[self.medoid_indices_[275]] may not be labeled with its corresponding cluster (275).
  "its corresponding cluster ({k}).".format(k=k)
/home/limei/miniconda3/envs/old-tf/lib/python3.6/site-packages/sklearn_extra/cluster/_k_medoids.py:333: UserWarning: Cluster 276 is empty! self.labels_[self.medoid_indices_[276]] may not be labeled with its corresponding cluster (276).
  "its corresponding cluster ({k}).".format(k=k)
/home/limei/miniconda3/envs/old-tf/lib/python3.6/site-packages/sklearn_extra/cluster/_k_medoids.py:333: UserWarning: Cluster 277 is empty! self.labels_[self.medoid_indices_[277]] may not be labeled with its corresponding cluster (277).
  "its corresponding cluster ({k}).".format(k=k)
/home/limei/miniconda3/envs/old-tf/lib/python3.6/site-packages/sklearn_extra/cluster/_k_medoids.py:333: UserWarning: Cluster 278 is empty! self.labels_[self.medoid_indices_[278]] may not be labeled with its corresponding cluster (278).
  "its corresponding cluster ({k}).".format(k=k)
/home/limei/miniconda3/envs/old-tf/lib/python3.6/site-packages/sklearn_extra/cluster/_k_medoids.py:333: UserWarning: Cluster 279 is empty! self.labels_[self.medoid_indices_[279]] may not be labeled with its corresponding cluster (279).
  "its corresponding cluster ({k}).".format(k=k)
/home/limei/miniconda3/envs/old-tf/lib/python3.6/site-packages/sklearn_extra/cluster/_k_medoids.py:333: UserWarning: Cluster 280 is empty! self.labels_[self.medoid_indices_[280]] may not be labeled with its corresponding cluster (280).
  "its corresponding cluster ({k}).".format(k=k)
/home/limei/miniconda3/envs/old-tf/lib/python3.6/site-packages/sklearn_extra/cluster/_k_medoids.py:333: UserWarning: Cluster 281 is empty! self.labels_[self.medoid_indices_[281]] may not be labeled with its corresponding cluster (281).
  "its corresponding cluster ({k}).".format(k=k)
/home/limei/miniconda3/envs/old-tf/lib/python3.6/site-packages/sklearn_extra/cluster/_k_medoids.py:333: UserWarning: Cluster 282 is empty! self.labels_[self.medoid_indices_[282]] may not be labeled with its corresponding cluster (282).
  "its corresponding cluster ({k}).".format(k=k)
/home/limei/miniconda3/envs/old-tf/lib/python3.6/site-packages/sklearn_extra/cluster/_k_medoids.py:333: UserWarning: Cluster 283 is empty! self.labels_[self.medoid_indices_[283]] may not be labeled with its corresponding cluster (283).
  "its corresponding cluster ({k}).".format(k=k)
/home/limei/miniconda3/envs/old-tf/lib/python3.6/site-packages/sklearn_extra/cluster/_k_medoids.py:333: UserWarning: Cluster 289 is empty! self.labels_[self.medoid_indices_[289]] may not be labeled with its corresponding cluster (289).
  "its corresponding cluster ({k}).".format(k=k)
/home/limei/miniconda3/envs/old-tf/lib/python3.6/site-packages/sklearn_extra/cluster/_k_medoids.py:333: UserWarning: Cluster 292 is empty! self.labels_[self.medoid_indices_[292]] may not be labeled with its corresponding cluster (292).
  "its corresponding cluster ({k}).".format(k=k)
/home/limei/miniconda3/envs/old-tf/lib/python3.6/site-packages/sklearn_extra/cluster/_k_medoids.py:333: UserWarning: Cluster 293 is empty! self.labels_[self.medoid_indices_[293]] may not be labeled with its corresponding cluster (293).
  "its corresponding cluster ({k}).".format(k=k)
/home/limei/miniconda3/envs/old-tf/lib/python3.6/site-packages/sklearn_extra/cluster/_k_medoids.py:333: UserWarning: Cluster 294 is empty! self.labels_[self.medoid_indices_[294]] may not be labeled with its corresponding cluster (294).
  "its corresponding cluster ({k}).".format(k=k)
