shuffle:                                                  image  ...                               file_name
0    <PIL.JpegImagePlugin.JpegImageFile image mode=...  ...      Red_Winged_Blackbird_0044_5621.jpg
1    <PIL.JpegImagePlugin.JpegImageFile image mode=...  ...              Least_Auklet_0035_1888.jpg
2    <PIL.JpegImagePlugin.JpegImageFile image mode=...  ...  Black_Footed_Albatross_0007_796138.jpg
3    <PIL.JpegImagePlugin.JpegImageFile image mode=...  ...       Rhinoceros_Auklet_0009_797539.jpg
4    <PIL.JpegImagePlugin.JpegImageFile image mode=...  ...           Sooty_Albatross_0077_1080.jpg
..                                                 ...  ...                                     ...
295  <PIL.Image.Image image mode=RGB size=334x500 a...  ...          Crested_Auklet_0010_794907.jpg
296  <PIL.JpegImagePlugin.JpegImageFile image mode=...  ...           Sooty_Albatross_0031_1066.jpg
297  <PIL.JpegImagePlugin.JpegImageFile image mode=...  ...          Crested_Auklet_0003_794962.jpg
298  <PIL.JpegImagePlugin.JpegImageFile image mode=...  ...       Rhinoceros_Auklet_0049_797543.jpg
299  <PIL.JpegImagePlugin.JpegImageFile image mode=...  ...            Least_Auklet_0040_795100.jpg

[300 rows x 4 columns]
shuffle:                                                  image  ...                               file_name
0    <PIL.Image.Image image mode=RGB size=500x333 a...  ...           Sooty_Albatross_0030_1122.jpg
1    <PIL.JpegImagePlugin.JpegImageFile image mode=...  ...            Least_Auklet_0055_795106.jpg
2    <PIL.Image.Image image mode=RGB size=216x136 a...  ...  Black_Footed_Albatross_0090_796077.jpg
3    <PIL.JpegImagePlugin.JpegImageFile image mode=...  ...          Brewer_Blackbird_0017_2668.jpg
4    <PIL.Image.Image image mode=RGB size=500x375 a...  ...  Black_Footed_Albatross_0033_796086.jpg
..                                                 ...  ...                                     ...
238  <PIL.Image.Image image mode=RGB size=500x335 a...  ...         Sooty_Albatross_0007_796372.jpg
239  <PIL.JpegImagePlugin.JpegImageFile image mode=...  ...           Sooty_Albatross_0024_1161.jpg
240  <PIL.JpegImagePlugin.JpegImageFile image mode=...  ...          Crested_Auklet_0028_794951.jpg
241  <PIL.JpegImagePlugin.JpegImageFile image mode=...  ...      Red_Winged_Blackbird_0089_4188.jpg
242  <PIL.JpegImagePlugin.JpegImageFile image mode=...  ...         Rhinoceros_Auklet_0022_2170.jpg

[243 rows x 4 columns]
(543, 1373)
(1373,)
(1373,)
(1373,)
[9, 5, 0, 7, 2, 5, 6, 1, 2, 9]
len x_train: (300, 1373)
type y_train[0]: <class 'int'>
Accuracy: 0.83
Classification Report:
              precision    recall  f1-score   support

           0       0.73      0.53      0.62        30
           1       0.74      0.93      0.82        30
           2       0.62      0.64      0.63        28
           3       0.94      0.97      0.95        30
           4       1.00      0.71      0.83        14
           5       0.85      1.00      0.92        11
           6       0.77      1.00      0.87        23
           7       0.93      0.72      0.81        18
           8       0.93      0.86      0.89        29
           9       1.00      0.97      0.98        30

    accuracy                           0.83       243
   macro avg       0.85      0.83      0.83       243
weighted avg       0.84      0.83      0.83       243

