2025-02-18 22:03:37.166960: I tensorflow/stream_executor/cuda/cuda_gpu_executor.cc:937] successful NUMA node read from SysFS had negative value (-1), but there must be at least one NUMA node, so returning NUMA node zero
2025-02-18 22:03:37.183520: I tensorflow/stream_executor/cuda/cuda_gpu_executor.cc:937] successful NUMA node read from SysFS had negative value (-1), but there must be at least one NUMA node, so returning NUMA node zero
2025-02-18 22:03:37.185295: I tensorflow/stream_executor/cuda/cuda_gpu_executor.cc:937] successful NUMA node read from SysFS had negative value (-1), but there must be at least one NUMA node, so returning NUMA node zero
2025-02-18 22:04:00.909657: I tensorflow/core/platform/cpu_feature_guard.cc:142] This TensorFlow binary is optimized with oneAPI Deep Neural Network Library (oneDNN) to use the following CPU instructions in performance-critical operations:  AVX2 FMA
To enable them in other operations, rebuild TensorFlow with the appropriate compiler flags.
2025-02-18 22:04:00.910162: I tensorflow/stream_executor/cuda/cuda_gpu_executor.cc:937] successful NUMA node read from SysFS had negative value (-1), but there must be at least one NUMA node, so returning NUMA node zero
2025-02-18 22:04:00.913893: I tensorflow/stream_executor/cuda/cuda_gpu_executor.cc:937] successful NUMA node read from SysFS had negative value (-1), but there must be at least one NUMA node, so returning NUMA node zero
2025-02-18 22:04:00.915632: I tensorflow/stream_executor/cuda/cuda_gpu_executor.cc:937] successful NUMA node read from SysFS had negative value (-1), but there must be at least one NUMA node, so returning NUMA node zero
2025-02-18 22:04:01.417160: I tensorflow/stream_executor/cuda/cuda_gpu_executor.cc:937] successful NUMA node read from SysFS had negative value (-1), but there must be at least one NUMA node, so returning NUMA node zero
2025-02-18 22:04:01.420359: I tensorflow/stream_executor/cuda/cuda_gpu_executor.cc:937] successful NUMA node read from SysFS had negative value (-1), but there must be at least one NUMA node, so returning NUMA node zero
2025-02-18 22:04:01.421496: I tensorflow/stream_executor/cuda/cuda_gpu_executor.cc:937] successful NUMA node read from SysFS had negative value (-1), but there must be at least one NUMA node, so returning NUMA node zero
2025-02-18 22:04:01.422604: I tensorflow/core/common_runtime/gpu/gpu_device.cc:1510] Created device /job:localhost/replica:0/task:0/device:GPU:0 with 78930 MB memory:  -> device: 0, name: NVIDIA A100 80GB PCIe, pci bus id: 0000:43:00.0, compute capability: 8.0
2025-02-18 22:04:03.794119: I tensorflow/compiler/mlir/mlir_graph_optimization_pass.cc:185] None of the MLIR Optimization Passes are enabled (registered 2)
2025-02-18 22:04:06.542362: I tensorflow/stream_executor/cuda/cuda_blas.cc:1760] TensorFloat-32 will be used for the matrix multiplication. This will only be logged once.
2025-02-18 22:04:17.916992: I tensorflow/stream_executor/cuda/cuda_dnn.cc:369] Loaded cuDNN version 8100
/home/limei/miniconda3/envs/old-tf/lib/python3.6/site-packages/sklearn_extra/cluster/_k_medoids.py:333: UserWarning: Cluster 81 is empty! self.labels_[self.medoid_indices_[81]] may not be labeled with its corresponding cluster (81).
  "its corresponding cluster ({k}).".format(k=k)
/home/limei/miniconda3/envs/old-tf/lib/python3.6/site-packages/sklearn_extra/cluster/_k_medoids.py:333: UserWarning: Cluster 92 is empty! self.labels_[self.medoid_indices_[92]] may not be labeled with its corresponding cluster (92).
  "its corresponding cluster ({k}).".format(k=k)
/home/limei/miniconda3/envs/old-tf/lib/python3.6/site-packages/sklearn_extra/cluster/_k_medoids.py:333: UserWarning: Cluster 106 is empty! self.labels_[self.medoid_indices_[106]] may not be labeled with its corresponding cluster (106).
  "its corresponding cluster ({k}).".format(k=k)
/home/limei/miniconda3/envs/old-tf/lib/python3.6/site-packages/sklearn_extra/cluster/_k_medoids.py:333: UserWarning: Cluster 169 is empty! self.labels_[self.medoid_indices_[169]] may not be labeled with its corresponding cluster (169).
  "its corresponding cluster ({k}).".format(k=k)
/home/limei/miniconda3/envs/old-tf/lib/python3.6/site-packages/sklearn_extra/cluster/_k_medoids.py:333: UserWarning: Cluster 171 is empty! self.labels_[self.medoid_indices_[171]] may not be labeled with its corresponding cluster (171).
  "its corresponding cluster ({k}).".format(k=k)
/home/limei/miniconda3/envs/old-tf/lib/python3.6/site-packages/sklearn_extra/cluster/_k_medoids.py:333: UserWarning: Cluster 181 is empty! self.labels_[self.medoid_indices_[181]] may not be labeled with its corresponding cluster (181).
  "its corresponding cluster ({k}).".format(k=k)
/home/limei/miniconda3/envs/old-tf/lib/python3.6/site-packages/sklearn_extra/cluster/_k_medoids.py:333: UserWarning: Cluster 182 is empty! self.labels_[self.medoid_indices_[182]] may not be labeled with its corresponding cluster (182).
  "its corresponding cluster ({k}).".format(k=k)
