2025-02-18 01:23:40.010213: I tensorflow/core/platform/cpu_feature_guard.cc:142] This TensorFlow binary is optimized with oneAPI Deep Neural Network Library (oneDNN) to use the following CPU instructions in performance-critical operations:  AVX2 FMA
To enable them in other operations, rebuild TensorFlow with the appropriate compiler flags.
2025-02-18 01:23:40.869410: I tensorflow/core/common_runtime/gpu/gpu_device.cc:1510] Created device /job:localhost/replica:0/task:0/device:GPU:0 with 78930 MB memory:  -> device: 0, name: NVIDIA A100 80GB PCIe, pci bus id: 0000:01:00.0, compute capability: 8.0
2025-02-18 01:23:44.177026: I tensorflow/compiler/mlir/mlir_graph_optimization_pass.cc:185] None of the MLIR Optimization Passes are enabled (registered 2)
2025-02-18 01:23:47.614871: I tensorflow/stream_executor/cuda/cuda_blas.cc:1760] TensorFloat-32 will be used for the matrix multiplication. This will only be logged once.
2025-02-18 01:24:00.218017: I tensorflow/stream_executor/cuda/cuda_dnn.cc:369] Loaded cuDNN version 8100
/home/limei/miniconda3/envs/old-tf/lib/python3.6/site-packages/sklearn_extra/cluster/_k_medoids.py:333: UserWarning: Cluster 3 is empty! self.labels_[self.medoid_indices_[3]] may not be labeled with its corresponding cluster (3).
  "its corresponding cluster ({k}).".format(k=k)
/home/limei/miniconda3/envs/old-tf/lib/python3.6/site-packages/sklearn_extra/cluster/_k_medoids.py:333: UserWarning: Cluster 4 is empty! self.labels_[self.medoid_indices_[4]] may not be labeled with its corresponding cluster (4).
  "its corresponding cluster ({k}).".format(k=k)
/home/limei/miniconda3/envs/old-tf/lib/python3.6/site-packages/sklearn_extra/cluster/_k_medoids.py:333: UserWarning: Cluster 6 is empty! self.labels_[self.medoid_indices_[6]] may not be labeled with its corresponding cluster (6).
  "its corresponding cluster ({k}).".format(k=k)
/home/limei/miniconda3/envs/old-tf/lib/python3.6/site-packages/sklearn_extra/cluster/_k_medoids.py:333: UserWarning: Cluster 9 is empty! self.labels_[self.medoid_indices_[9]] may not be labeled with its corresponding cluster (9).
  "its corresponding cluster ({k}).".format(k=k)
/home/limei/miniconda3/envs/old-tf/lib/python3.6/site-packages/sklearn_extra/cluster/_k_medoids.py:333: UserWarning: Cluster 10 is empty! self.labels_[self.medoid_indices_[10]] may not be labeled with its corresponding cluster (10).
  "its corresponding cluster ({k}).".format(k=k)
/home/limei/miniconda3/envs/old-tf/lib/python3.6/site-packages/sklearn_extra/cluster/_k_medoids.py:333: UserWarning: Cluster 11 is empty! self.labels_[self.medoid_indices_[11]] may not be labeled with its corresponding cluster (11).
  "its corresponding cluster ({k}).".format(k=k)
/home/limei/miniconda3/envs/old-tf/lib/python3.6/site-packages/sklearn_extra/cluster/_k_medoids.py:333: UserWarning: Cluster 12 is empty! self.labels_[self.medoid_indices_[12]] may not be labeled with its corresponding cluster (12).
  "its corresponding cluster ({k}).".format(k=k)
/home/limei/miniconda3/envs/old-tf/lib/python3.6/site-packages/sklearn_extra/cluster/_k_medoids.py:333: UserWarning: Cluster 14 is empty! self.labels_[self.medoid_indices_[14]] may not be labeled with its corresponding cluster (14).
  "its corresponding cluster ({k}).".format(k=k)
/home/limei/miniconda3/envs/old-tf/lib/python3.6/site-packages/sklearn_extra/cluster/_k_medoids.py:333: UserWarning: Cluster 15 is empty! self.labels_[self.medoid_indices_[15]] may not be labeled with its corresponding cluster (15).
  "its corresponding cluster ({k}).".format(k=k)
/home/limei/miniconda3/envs/old-tf/lib/python3.6/site-packages/sklearn_extra/cluster/_k_medoids.py:333: UserWarning: Cluster 17 is empty! self.labels_[self.medoid_indices_[17]] may not be labeled with its corresponding cluster (17).
  "its corresponding cluster ({k}).".format(k=k)
/home/limei/miniconda3/envs/old-tf/lib/python3.6/site-packages/sklearn_extra/cluster/_k_medoids.py:333: UserWarning: Cluster 19 is empty! self.labels_[self.medoid_indices_[19]] may not be labeled with its corresponding cluster (19).
  "its corresponding cluster ({k}).".format(k=k)
/home/limei/miniconda3/envs/old-tf/lib/python3.6/site-packages/sklearn_extra/cluster/_k_medoids.py:333: UserWarning: Cluster 21 is empty! self.labels_[self.medoid_indices_[21]] may not be labeled with its corresponding cluster (21).
  "its corresponding cluster ({k}).".format(k=k)
/home/limei/miniconda3/envs/old-tf/lib/python3.6/site-packages/sklearn_extra/cluster/_k_medoids.py:333: UserWarning: Cluster 22 is empty! self.labels_[self.medoid_indices_[22]] may not be labeled with its corresponding cluster (22).
  "its corresponding cluster ({k}).".format(k=k)
/home/limei/miniconda3/envs/old-tf/lib/python3.6/site-packages/sklearn_extra/cluster/_k_medoids.py:333: UserWarning: Cluster 23 is empty! self.labels_[self.medoid_indices_[23]] may not be labeled with its corresponding cluster (23).
  "its corresponding cluster ({k}).".format(k=k)
/home/limei/miniconda3/envs/old-tf/lib/python3.6/site-packages/sklearn_extra/cluster/_k_medoids.py:333: UserWarning: Cluster 24 is empty! self.labels_[self.medoid_indices_[24]] may not be labeled with its corresponding cluster (24).
  "its corresponding cluster ({k}).".format(k=k)
/home/limei/miniconda3/envs/old-tf/lib/python3.6/site-packages/sklearn_extra/cluster/_k_medoids.py:333: UserWarning: Cluster 25 is empty! self.labels_[self.medoid_indices_[25]] may not be labeled with its corresponding cluster (25).
  "its corresponding cluster ({k}).".format(k=k)
/home/limei/miniconda3/envs/old-tf/lib/python3.6/site-packages/sklearn_extra/cluster/_k_medoids.py:333: UserWarning: Cluster 26 is empty! self.labels_[self.medoid_indices_[26]] may not be labeled with its corresponding cluster (26).
  "its corresponding cluster ({k}).".format(k=k)
/home/limei/miniconda3/envs/old-tf/lib/python3.6/site-packages/sklearn_extra/cluster/_k_medoids.py:333: UserWarning: Cluster 28 is empty! self.labels_[self.medoid_indices_[28]] may not be labeled with its corresponding cluster (28).
  "its corresponding cluster ({k}).".format(k=k)
/home/limei/miniconda3/envs/old-tf/lib/python3.6/site-packages/sklearn_extra/cluster/_k_medoids.py:333: UserWarning: Cluster 29 is empty! self.labels_[self.medoid_indices_[29]] may not be labeled with its corresponding cluster (29).
  "its corresponding cluster ({k}).".format(k=k)
/home/limei/miniconda3/envs/old-tf/lib/python3.6/site-packages/sklearn_extra/cluster/_k_medoids.py:333: UserWarning: Cluster 30 is empty! self.labels_[self.medoid_indices_[30]] may not be labeled with its corresponding cluster (30).
  "its corresponding cluster ({k}).".format(k=k)
/home/limei/miniconda3/envs/old-tf/lib/python3.6/site-packages/sklearn_extra/cluster/_k_medoids.py:333: UserWarning: Cluster 31 is empty! self.labels_[self.medoid_indices_[31]] may not be labeled with its corresponding cluster (31).
  "its corresponding cluster ({k}).".format(k=k)
/home/limei/miniconda3/envs/old-tf/lib/python3.6/site-packages/sklearn_extra/cluster/_k_medoids.py:333: UserWarning: Cluster 32 is empty! self.labels_[self.medoid_indices_[32]] may not be labeled with its corresponding cluster (32).
  "its corresponding cluster ({k}).".format(k=k)
/home/limei/miniconda3/envs/old-tf/lib/python3.6/site-packages/sklearn_extra/cluster/_k_medoids.py:333: UserWarning: Cluster 34 is empty! self.labels_[self.medoid_indices_[34]] may not be labeled with its corresponding cluster (34).
  "its corresponding cluster ({k}).".format(k=k)
/home/limei/miniconda3/envs/old-tf/lib/python3.6/site-packages/sklearn_extra/cluster/_k_medoids.py:333: UserWarning: Cluster 36 is empty! self.labels_[self.medoid_indices_[36]] may not be labeled with its corresponding cluster (36).
  "its corresponding cluster ({k}).".format(k=k)
/home/limei/miniconda3/envs/old-tf/lib/python3.6/site-packages/sklearn_extra/cluster/_k_medoids.py:333: UserWarning: Cluster 37 is empty! self.labels_[self.medoid_indices_[37]] may not be labeled with its corresponding cluster (37).
  "its corresponding cluster ({k}).".format(k=k)
/home/limei/miniconda3/envs/old-tf/lib/python3.6/site-packages/sklearn_extra/cluster/_k_medoids.py:333: UserWarning: Cluster 38 is empty! self.labels_[self.medoid_indices_[38]] may not be labeled with its corresponding cluster (38).
  "its corresponding cluster ({k}).".format(k=k)
/home/limei/miniconda3/envs/old-tf/lib/python3.6/site-packages/sklearn_extra/cluster/_k_medoids.py:333: UserWarning: Cluster 39 is empty! self.labels_[self.medoid_indices_[39]] may not be labeled with its corresponding cluster (39).
  "its corresponding cluster ({k}).".format(k=k)
/home/limei/miniconda3/envs/old-tf/lib/python3.6/site-packages/sklearn_extra/cluster/_k_medoids.py:333: UserWarning: Cluster 40 is empty! self.labels_[self.medoid_indices_[40]] may not be labeled with its corresponding cluster (40).
  "its corresponding cluster ({k}).".format(k=k)
/home/limei/miniconda3/envs/old-tf/lib/python3.6/site-packages/sklearn_extra/cluster/_k_medoids.py:333: UserWarning: Cluster 42 is empty! self.labels_[self.medoid_indices_[42]] may not be labeled with its corresponding cluster (42).
  "its corresponding cluster ({k}).".format(k=k)
/home/limei/miniconda3/envs/old-tf/lib/python3.6/site-packages/sklearn_extra/cluster/_k_medoids.py:333: UserWarning: Cluster 43 is empty! self.labels_[self.medoid_indices_[43]] may not be labeled with its corresponding cluster (43).
  "its corresponding cluster ({k}).".format(k=k)
/home/limei/miniconda3/envs/old-tf/lib/python3.6/site-packages/sklearn_extra/cluster/_k_medoids.py:333: UserWarning: Cluster 44 is empty! self.labels_[self.medoid_indices_[44]] may not be labeled with its corresponding cluster (44).
  "its corresponding cluster ({k}).".format(k=k)
/home/limei/miniconda3/envs/old-tf/lib/python3.6/site-packages/sklearn_extra/cluster/_k_medoids.py:333: UserWarning: Cluster 45 is empty! self.labels_[self.medoid_indices_[45]] may not be labeled with its corresponding cluster (45).
  "its corresponding cluster ({k}).".format(k=k)
/home/limei/miniconda3/envs/old-tf/lib/python3.6/site-packages/sklearn_extra/cluster/_k_medoids.py:333: UserWarning: Cluster 46 is empty! self.labels_[self.medoid_indices_[46]] may not be labeled with its corresponding cluster (46).
  "its corresponding cluster ({k}).".format(k=k)
/home/limei/miniconda3/envs/old-tf/lib/python3.6/site-packages/sklearn_extra/cluster/_k_medoids.py:333: UserWarning: Cluster 47 is empty! self.labels_[self.medoid_indices_[47]] may not be labeled with its corresponding cluster (47).
  "its corresponding cluster ({k}).".format(k=k)
/home/limei/miniconda3/envs/old-tf/lib/python3.6/site-packages/sklearn_extra/cluster/_k_medoids.py:333: UserWarning: Cluster 48 is empty! self.labels_[self.medoid_indices_[48]] may not be labeled with its corresponding cluster (48).
  "its corresponding cluster ({k}).".format(k=k)
/home/limei/miniconda3/envs/old-tf/lib/python3.6/site-packages/sklearn_extra/cluster/_k_medoids.py:333: UserWarning: Cluster 49 is empty! self.labels_[self.medoid_indices_[49]] may not be labeled with its corresponding cluster (49).
  "its corresponding cluster ({k}).".format(k=k)
/home/limei/miniconda3/envs/old-tf/lib/python3.6/site-packages/sklearn_extra/cluster/_k_medoids.py:333: UserWarning: Cluster 50 is empty! self.labels_[self.medoid_indices_[50]] may not be labeled with its corresponding cluster (50).
  "its corresponding cluster ({k}).".format(k=k)
/home/limei/miniconda3/envs/old-tf/lib/python3.6/site-packages/sklearn_extra/cluster/_k_medoids.py:333: UserWarning: Cluster 51 is empty! self.labels_[self.medoid_indices_[51]] may not be labeled with its corresponding cluster (51).
  "its corresponding cluster ({k}).".format(k=k)
/home/limei/miniconda3/envs/old-tf/lib/python3.6/site-packages/sklearn_extra/cluster/_k_medoids.py:333: UserWarning: Cluster 56 is empty! self.labels_[self.medoid_indices_[56]] may not be labeled with its corresponding cluster (56).
  "its corresponding cluster ({k}).".format(k=k)
/home/limei/miniconda3/envs/old-tf/lib/python3.6/site-packages/sklearn_extra/cluster/_k_medoids.py:333: UserWarning: Cluster 57 is empty! self.labels_[self.medoid_indices_[57]] may not be labeled with its corresponding cluster (57).
  "its corresponding cluster ({k}).".format(k=k)
/home/limei/miniconda3/envs/old-tf/lib/python3.6/site-packages/sklearn_extra/cluster/_k_medoids.py:333: UserWarning: Cluster 58 is empty! self.labels_[self.medoid_indices_[58]] may not be labeled with its corresponding cluster (58).
  "its corresponding cluster ({k}).".format(k=k)
/home/limei/miniconda3/envs/old-tf/lib/python3.6/site-packages/sklearn_extra/cluster/_k_medoids.py:333: UserWarning: Cluster 61 is empty! self.labels_[self.medoid_indices_[61]] may not be labeled with its corresponding cluster (61).
  "its corresponding cluster ({k}).".format(k=k)
/home/limei/miniconda3/envs/old-tf/lib/python3.6/site-packages/sklearn_extra/cluster/_k_medoids.py:333: UserWarning: Cluster 65 is empty! self.labels_[self.medoid_indices_[65]] may not be labeled with its corresponding cluster (65).
  "its corresponding cluster ({k}).".format(k=k)
/home/limei/miniconda3/envs/old-tf/lib/python3.6/site-packages/sklearn_extra/cluster/_k_medoids.py:333: UserWarning: Cluster 67 is empty! self.labels_[self.medoid_indices_[67]] may not be labeled with its corresponding cluster (67).
  "its corresponding cluster ({k}).".format(k=k)
/home/limei/miniconda3/envs/old-tf/lib/python3.6/site-packages/sklearn_extra/cluster/_k_medoids.py:333: UserWarning: Cluster 69 is empty! self.labels_[self.medoid_indices_[69]] may not be labeled with its corresponding cluster (69).
  "its corresponding cluster ({k}).".format(k=k)
/home/limei/miniconda3/envs/old-tf/lib/python3.6/site-packages/sklearn_extra/cluster/_k_medoids.py:333: UserWarning: Cluster 70 is empty! self.labels_[self.medoid_indices_[70]] may not be labeled with its corresponding cluster (70).
  "its corresponding cluster ({k}).".format(k=k)
/home/limei/miniconda3/envs/old-tf/lib/python3.6/site-packages/sklearn_extra/cluster/_k_medoids.py:333: UserWarning: Cluster 71 is empty! self.labels_[self.medoid_indices_[71]] may not be labeled with its corresponding cluster (71).
  "its corresponding cluster ({k}).".format(k=k)
/home/limei/miniconda3/envs/old-tf/lib/python3.6/site-packages/sklearn_extra/cluster/_k_medoids.py:333: UserWarning: Cluster 73 is empty! self.labels_[self.medoid_indices_[73]] may not be labeled with its corresponding cluster (73).
  "its corresponding cluster ({k}).".format(k=k)
/home/limei/miniconda3/envs/old-tf/lib/python3.6/site-packages/sklearn_extra/cluster/_k_medoids.py:333: UserWarning: Cluster 74 is empty! self.labels_[self.medoid_indices_[74]] may not be labeled with its corresponding cluster (74).
  "its corresponding cluster ({k}).".format(k=k)
/home/limei/miniconda3/envs/old-tf/lib/python3.6/site-packages/sklearn_extra/cluster/_k_medoids.py:333: UserWarning: Cluster 75 is empty! self.labels_[self.medoid_indices_[75]] may not be labeled with its corresponding cluster (75).
  "its corresponding cluster ({k}).".format(k=k)
/home/limei/miniconda3/envs/old-tf/lib/python3.6/site-packages/sklearn_extra/cluster/_k_medoids.py:333: UserWarning: Cluster 78 is empty! self.labels_[self.medoid_indices_[78]] may not be labeled with its corresponding cluster (78).
  "its corresponding cluster ({k}).".format(k=k)
/home/limei/miniconda3/envs/old-tf/lib/python3.6/site-packages/sklearn_extra/cluster/_k_medoids.py:333: UserWarning: Cluster 81 is empty! self.labels_[self.medoid_indices_[81]] may not be labeled with its corresponding cluster (81).
  "its corresponding cluster ({k}).".format(k=k)
/home/limei/miniconda3/envs/old-tf/lib/python3.6/site-packages/sklearn_extra/cluster/_k_medoids.py:333: UserWarning: Cluster 87 is empty! self.labels_[self.medoid_indices_[87]] may not be labeled with its corresponding cluster (87).
  "its corresponding cluster ({k}).".format(k=k)
/home/limei/miniconda3/envs/old-tf/lib/python3.6/site-packages/sklearn_extra/cluster/_k_medoids.py:333: UserWarning: Cluster 89 is empty! self.labels_[self.medoid_indices_[89]] may not be labeled with its corresponding cluster (89).
  "its corresponding cluster ({k}).".format(k=k)
/home/limei/miniconda3/envs/old-tf/lib/python3.6/site-packages/sklearn_extra/cluster/_k_medoids.py:333: UserWarning: Cluster 90 is empty! self.labels_[self.medoid_indices_[90]] may not be labeled with its corresponding cluster (90).
  "its corresponding cluster ({k}).".format(k=k)
/home/limei/miniconda3/envs/old-tf/lib/python3.6/site-packages/sklearn_extra/cluster/_k_medoids.py:333: UserWarning: Cluster 93 is empty! self.labels_[self.medoid_indices_[93]] may not be labeled with its corresponding cluster (93).
  "its corresponding cluster ({k}).".format(k=k)
/home/limei/miniconda3/envs/old-tf/lib/python3.6/site-packages/sklearn_extra/cluster/_k_medoids.py:333: UserWarning: Cluster 94 is empty! self.labels_[self.medoid_indices_[94]] may not be labeled with its corresponding cluster (94).
  "its corresponding cluster ({k}).".format(k=k)
/home/limei/miniconda3/envs/old-tf/lib/python3.6/site-packages/sklearn_extra/cluster/_k_medoids.py:333: UserWarning: Cluster 98 is empty! self.labels_[self.medoid_indices_[98]] may not be labeled with its corresponding cluster (98).
  "its corresponding cluster ({k}).".format(k=k)
/home/limei/miniconda3/envs/old-tf/lib/python3.6/site-packages/sklearn_extra/cluster/_k_medoids.py:333: UserWarning: Cluster 100 is empty! self.labels_[self.medoid_indices_[100]] may not be labeled with its corresponding cluster (100).
  "its corresponding cluster ({k}).".format(k=k)
/home/limei/miniconda3/envs/old-tf/lib/python3.6/site-packages/sklearn_extra/cluster/_k_medoids.py:333: UserWarning: Cluster 101 is empty! self.labels_[self.medoid_indices_[101]] may not be labeled with its corresponding cluster (101).
  "its corresponding cluster ({k}).".format(k=k)
/home/limei/miniconda3/envs/old-tf/lib/python3.6/site-packages/sklearn_extra/cluster/_k_medoids.py:333: UserWarning: Cluster 102 is empty! self.labels_[self.medoid_indices_[102]] may not be labeled with its corresponding cluster (102).
  "its corresponding cluster ({k}).".format(k=k)
/home/limei/miniconda3/envs/old-tf/lib/python3.6/site-packages/sklearn_extra/cluster/_k_medoids.py:333: UserWarning: Cluster 103 is empty! self.labels_[self.medoid_indices_[103]] may not be labeled with its corresponding cluster (103).
  "its corresponding cluster ({k}).".format(k=k)
/home/limei/miniconda3/envs/old-tf/lib/python3.6/site-packages/sklearn_extra/cluster/_k_medoids.py:333: UserWarning: Cluster 104 is empty! self.labels_[self.medoid_indices_[104]] may not be labeled with its corresponding cluster (104).
  "its corresponding cluster ({k}).".format(k=k)
/home/limei/miniconda3/envs/old-tf/lib/python3.6/site-packages/sklearn_extra/cluster/_k_medoids.py:333: UserWarning: Cluster 106 is empty! self.labels_[self.medoid_indices_[106]] may not be labeled with its corresponding cluster (106).
  "its corresponding cluster ({k}).".format(k=k)
/home/limei/miniconda3/envs/old-tf/lib/python3.6/site-packages/sklearn_extra/cluster/_k_medoids.py:333: UserWarning: Cluster 107 is empty! self.labels_[self.medoid_indices_[107]] may not be labeled with its corresponding cluster (107).
  "its corresponding cluster ({k}).".format(k=k)
/home/limei/miniconda3/envs/old-tf/lib/python3.6/site-packages/sklearn_extra/cluster/_k_medoids.py:333: UserWarning: Cluster 108 is empty! self.labels_[self.medoid_indices_[108]] may not be labeled with its corresponding cluster (108).
  "its corresponding cluster ({k}).".format(k=k)
/home/limei/miniconda3/envs/old-tf/lib/python3.6/site-packages/sklearn_extra/cluster/_k_medoids.py:333: UserWarning: Cluster 109 is empty! self.labels_[self.medoid_indices_[109]] may not be labeled with its corresponding cluster (109).
  "its corresponding cluster ({k}).".format(k=k)
/home/limei/miniconda3/envs/old-tf/lib/python3.6/site-packages/sklearn_extra/cluster/_k_medoids.py:333: UserWarning: Cluster 112 is empty! self.labels_[self.medoid_indices_[112]] may not be labeled with its corresponding cluster (112).
  "its corresponding cluster ({k}).".format(k=k)
/home/limei/miniconda3/envs/old-tf/lib/python3.6/site-packages/sklearn_extra/cluster/_k_medoids.py:333: UserWarning: Cluster 115 is empty! self.labels_[self.medoid_indices_[115]] may not be labeled with its corresponding cluster (115).
  "its corresponding cluster ({k}).".format(k=k)
/home/limei/miniconda3/envs/old-tf/lib/python3.6/site-packages/sklearn_extra/cluster/_k_medoids.py:333: UserWarning: Cluster 119 is empty! self.labels_[self.medoid_indices_[119]] may not be labeled with its corresponding cluster (119).
  "its corresponding cluster ({k}).".format(k=k)
/home/limei/miniconda3/envs/old-tf/lib/python3.6/site-packages/sklearn_extra/cluster/_k_medoids.py:333: UserWarning: Cluster 120 is empty! self.labels_[self.medoid_indices_[120]] may not be labeled with its corresponding cluster (120).
  "its corresponding cluster ({k}).".format(k=k)
/home/limei/miniconda3/envs/old-tf/lib/python3.6/site-packages/sklearn_extra/cluster/_k_medoids.py:333: UserWarning: Cluster 122 is empty! self.labels_[self.medoid_indices_[122]] may not be labeled with its corresponding cluster (122).
  "its corresponding cluster ({k}).".format(k=k)
/home/limei/miniconda3/envs/old-tf/lib/python3.6/site-packages/sklearn_extra/cluster/_k_medoids.py:333: UserWarning: Cluster 125 is empty! self.labels_[self.medoid_indices_[125]] may not be labeled with its corresponding cluster (125).
  "its corresponding cluster ({k}).".format(k=k)
/home/limei/miniconda3/envs/old-tf/lib/python3.6/site-packages/sklearn_extra/cluster/_k_medoids.py:333: UserWarning: Cluster 126 is empty! self.labels_[self.medoid_indices_[126]] may not be labeled with its corresponding cluster (126).
  "its corresponding cluster ({k}).".format(k=k)
/home/limei/miniconda3/envs/old-tf/lib/python3.6/site-packages/sklearn_extra/cluster/_k_medoids.py:333: UserWarning: Cluster 128 is empty! self.labels_[self.medoid_indices_[128]] may not be labeled with its corresponding cluster (128).
  "its corresponding cluster ({k}).".format(k=k)
/home/limei/miniconda3/envs/old-tf/lib/python3.6/site-packages/sklearn_extra/cluster/_k_medoids.py:333: UserWarning: Cluster 129 is empty! self.labels_[self.medoid_indices_[129]] may not be labeled with its corresponding cluster (129).
  "its corresponding cluster ({k}).".format(k=k)
/home/limei/miniconda3/envs/old-tf/lib/python3.6/site-packages/sklearn_extra/cluster/_k_medoids.py:333: UserWarning: Cluster 131 is empty! self.labels_[self.medoid_indices_[131]] may not be labeled with its corresponding cluster (131).
  "its corresponding cluster ({k}).".format(k=k)
/home/limei/miniconda3/envs/old-tf/lib/python3.6/site-packages/sklearn_extra/cluster/_k_medoids.py:333: UserWarning: Cluster 132 is empty! self.labels_[self.medoid_indices_[132]] may not be labeled with its corresponding cluster (132).
  "its corresponding cluster ({k}).".format(k=k)
/home/limei/miniconda3/envs/old-tf/lib/python3.6/site-packages/sklearn_extra/cluster/_k_medoids.py:333: UserWarning: Cluster 133 is empty! self.labels_[self.medoid_indices_[133]] may not be labeled with its corresponding cluster (133).
  "its corresponding cluster ({k}).".format(k=k)
/home/limei/miniconda3/envs/old-tf/lib/python3.6/site-packages/sklearn_extra/cluster/_k_medoids.py:333: UserWarning: Cluster 138 is empty! self.labels_[self.medoid_indices_[138]] may not be labeled with its corresponding cluster (138).
  "its corresponding cluster ({k}).".format(k=k)
/home/limei/miniconda3/envs/old-tf/lib/python3.6/site-packages/sklearn_extra/cluster/_k_medoids.py:333: UserWarning: Cluster 142 is empty! self.labels_[self.medoid_indices_[142]] may not be labeled with its corresponding cluster (142).
  "its corresponding cluster ({k}).".format(k=k)
/home/limei/miniconda3/envs/old-tf/lib/python3.6/site-packages/sklearn_extra/cluster/_k_medoids.py:333: UserWarning: Cluster 144 is empty! self.labels_[self.medoid_indices_[144]] may not be labeled with its corresponding cluster (144).
  "its corresponding cluster ({k}).".format(k=k)
/home/limei/miniconda3/envs/old-tf/lib/python3.6/site-packages/sklearn_extra/cluster/_k_medoids.py:333: UserWarning: Cluster 146 is empty! self.labels_[self.medoid_indices_[146]] may not be labeled with its corresponding cluster (146).
  "its corresponding cluster ({k}).".format(k=k)
/home/limei/miniconda3/envs/old-tf/lib/python3.6/site-packages/sklearn_extra/cluster/_k_medoids.py:333: UserWarning: Cluster 147 is empty! self.labels_[self.medoid_indices_[147]] may not be labeled with its corresponding cluster (147).
  "its corresponding cluster ({k}).".format(k=k)
/home/limei/miniconda3/envs/old-tf/lib/python3.6/site-packages/sklearn_extra/cluster/_k_medoids.py:333: UserWarning: Cluster 149 is empty! self.labels_[self.medoid_indices_[149]] may not be labeled with its corresponding cluster (149).
  "its corresponding cluster ({k}).".format(k=k)
/home/limei/miniconda3/envs/old-tf/lib/python3.6/site-packages/sklearn_extra/cluster/_k_medoids.py:333: UserWarning: Cluster 151 is empty! self.labels_[self.medoid_indices_[151]] may not be labeled with its corresponding cluster (151).
  "its corresponding cluster ({k}).".format(k=k)
/home/limei/miniconda3/envs/old-tf/lib/python3.6/site-packages/sklearn_extra/cluster/_k_medoids.py:333: UserWarning: Cluster 152 is empty! self.labels_[self.medoid_indices_[152]] may not be labeled with its corresponding cluster (152).
  "its corresponding cluster ({k}).".format(k=k)
/home/limei/miniconda3/envs/old-tf/lib/python3.6/site-packages/sklearn_extra/cluster/_k_medoids.py:333: UserWarning: Cluster 153 is empty! self.labels_[self.medoid_indices_[153]] may not be labeled with its corresponding cluster (153).
  "its corresponding cluster ({k}).".format(k=k)
/home/limei/miniconda3/envs/old-tf/lib/python3.6/site-packages/sklearn_extra/cluster/_k_medoids.py:333: UserWarning: Cluster 154 is empty! self.labels_[self.medoid_indices_[154]] may not be labeled with its corresponding cluster (154).
  "its corresponding cluster ({k}).".format(k=k)
/home/limei/miniconda3/envs/old-tf/lib/python3.6/site-packages/sklearn_extra/cluster/_k_medoids.py:333: UserWarning: Cluster 155 is empty! self.labels_[self.medoid_indices_[155]] may not be labeled with its corresponding cluster (155).
  "its corresponding cluster ({k}).".format(k=k)
/home/limei/miniconda3/envs/old-tf/lib/python3.6/site-packages/sklearn_extra/cluster/_k_medoids.py:333: UserWarning: Cluster 156 is empty! self.labels_[self.medoid_indices_[156]] may not be labeled with its corresponding cluster (156).
  "its corresponding cluster ({k}).".format(k=k)
/home/limei/miniconda3/envs/old-tf/lib/python3.6/site-packages/sklearn_extra/cluster/_k_medoids.py:333: UserWarning: Cluster 159 is empty! self.labels_[self.medoid_indices_[159]] may not be labeled with its corresponding cluster (159).
  "its corresponding cluster ({k}).".format(k=k)
/home/limei/miniconda3/envs/old-tf/lib/python3.6/site-packages/sklearn_extra/cluster/_k_medoids.py:333: UserWarning: Cluster 161 is empty! self.labels_[self.medoid_indices_[161]] may not be labeled with its corresponding cluster (161).
  "its corresponding cluster ({k}).".format(k=k)
/home/limei/miniconda3/envs/old-tf/lib/python3.6/site-packages/sklearn_extra/cluster/_k_medoids.py:333: UserWarning: Cluster 162 is empty! self.labels_[self.medoid_indices_[162]] may not be labeled with its corresponding cluster (162).
  "its corresponding cluster ({k}).".format(k=k)
/home/limei/miniconda3/envs/old-tf/lib/python3.6/site-packages/sklearn_extra/cluster/_k_medoids.py:333: UserWarning: Cluster 182 is empty! self.labels_[self.medoid_indices_[182]] may not be labeled with its corresponding cluster (182).
  "its corresponding cluster ({k}).".format(k=k)
/home/limei/miniconda3/envs/old-tf/lib/python3.6/site-packages/sklearn_extra/cluster/_k_medoids.py:333: UserWarning: Cluster 189 is empty! self.labels_[self.medoid_indices_[189]] may not be labeled with its corresponding cluster (189).
  "its corresponding cluster ({k}).".format(k=k)
/home/limei/miniconda3/envs/old-tf/lib/python3.6/site-packages/sklearn_extra/cluster/_k_medoids.py:333: UserWarning: Cluster 192 is empty! self.labels_[self.medoid_indices_[192]] may not be labeled with its corresponding cluster (192).
  "its corresponding cluster ({k}).".format(k=k)
/home/limei/miniconda3/envs/old-tf/lib/python3.6/site-packages/sklearn_extra/cluster/_k_medoids.py:333: UserWarning: Cluster 213 is empty! self.labels_[self.medoid_indices_[213]] may not be labeled with its corresponding cluster (213).
  "its corresponding cluster ({k}).".format(k=k)
/home/limei/miniconda3/envs/old-tf/lib/python3.6/site-packages/sklearn_extra/cluster/_k_medoids.py:333: UserWarning: Cluster 217 is empty! self.labels_[self.medoid_indices_[217]] may not be labeled with its corresponding cluster (217).
  "its corresponding cluster ({k}).".format(k=k)
/home/limei/miniconda3/envs/old-tf/lib/python3.6/site-packages/sklearn_extra/cluster/_k_medoids.py:333: UserWarning: Cluster 227 is empty! self.labels_[self.medoid_indices_[227]] may not be labeled with its corresponding cluster (227).
  "its corresponding cluster ({k}).".format(k=k)
/home/limei/miniconda3/envs/old-tf/lib/python3.6/site-packages/sklearn_extra/cluster/_k_medoids.py:333: UserWarning: Cluster 236 is empty! self.labels_[self.medoid_indices_[236]] may not be labeled with its corresponding cluster (236).
  "its corresponding cluster ({k}).".format(k=k)
/home/limei/miniconda3/envs/old-tf/lib/python3.6/site-packages/sklearn_extra/cluster/_k_medoids.py:333: UserWarning: Cluster 242 is empty! self.labels_[self.medoid_indices_[242]] may not be labeled with its corresponding cluster (242).
  "its corresponding cluster ({k}).".format(k=k)
/home/limei/miniconda3/envs/old-tf/lib/python3.6/site-packages/sklearn_extra/cluster/_k_medoids.py:333: UserWarning: Cluster 243 is empty! self.labels_[self.medoid_indices_[243]] may not be labeled with its corresponding cluster (243).
  "its corresponding cluster ({k}).".format(k=k)
/home/limei/miniconda3/envs/old-tf/lib/python3.6/site-packages/sklearn_extra/cluster/_k_medoids.py:333: UserWarning: Cluster 244 is empty! self.labels_[self.medoid_indices_[244]] may not be labeled with its corresponding cluster (244).
  "its corresponding cluster ({k}).".format(k=k)
/home/limei/miniconda3/envs/old-tf/lib/python3.6/site-packages/sklearn_extra/cluster/_k_medoids.py:333: UserWarning: Cluster 245 is empty! self.labels_[self.medoid_indices_[245]] may not be labeled with its corresponding cluster (245).
  "its corresponding cluster ({k}).".format(k=k)
/home/limei/miniconda3/envs/old-tf/lib/python3.6/site-packages/sklearn_extra/cluster/_k_medoids.py:333: UserWarning: Cluster 247 is empty! self.labels_[self.medoid_indices_[247]] may not be labeled with its corresponding cluster (247).
  "its corresponding cluster ({k}).".format(k=k)
/home/limei/miniconda3/envs/old-tf/lib/python3.6/site-packages/sklearn_extra/cluster/_k_medoids.py:333: UserWarning: Cluster 248 is empty! self.labels_[self.medoid_indices_[248]] may not be labeled with its corresponding cluster (248).
  "its corresponding cluster ({k}).".format(k=k)
/home/limei/miniconda3/envs/old-tf/lib/python3.6/site-packages/sklearn_extra/cluster/_k_medoids.py:333: UserWarning: Cluster 250 is empty! self.labels_[self.medoid_indices_[250]] may not be labeled with its corresponding cluster (250).
  "its corresponding cluster ({k}).".format(k=k)
/home/limei/miniconda3/envs/old-tf/lib/python3.6/site-packages/sklearn_extra/cluster/_k_medoids.py:333: UserWarning: Cluster 251 is empty! self.labels_[self.medoid_indices_[251]] may not be labeled with its corresponding cluster (251).
  "its corresponding cluster ({k}).".format(k=k)
/home/limei/miniconda3/envs/old-tf/lib/python3.6/site-packages/sklearn_extra/cluster/_k_medoids.py:333: UserWarning: Cluster 252 is empty! self.labels_[self.medoid_indices_[252]] may not be labeled with its corresponding cluster (252).
  "its corresponding cluster ({k}).".format(k=k)
/home/limei/miniconda3/envs/old-tf/lib/python3.6/site-packages/sklearn_extra/cluster/_k_medoids.py:333: UserWarning: Cluster 255 is empty! self.labels_[self.medoid_indices_[255]] may not be labeled with its corresponding cluster (255).
  "its corresponding cluster ({k}).".format(k=k)
/home/limei/miniconda3/envs/old-tf/lib/python3.6/site-packages/sklearn_extra/cluster/_k_medoids.py:333: UserWarning: Cluster 256 is empty! self.labels_[self.medoid_indices_[256]] may not be labeled with its corresponding cluster (256).
  "its corresponding cluster ({k}).".format(k=k)
/home/limei/miniconda3/envs/old-tf/lib/python3.6/site-packages/sklearn_extra/cluster/_k_medoids.py:333: UserWarning: Cluster 257 is empty! self.labels_[self.medoid_indices_[257]] may not be labeled with its corresponding cluster (257).
  "its corresponding cluster ({k}).".format(k=k)
/home/limei/miniconda3/envs/old-tf/lib/python3.6/site-packages/sklearn_extra/cluster/_k_medoids.py:333: UserWarning: Cluster 258 is empty! self.labels_[self.medoid_indices_[258]] may not be labeled with its corresponding cluster (258).
  "its corresponding cluster ({k}).".format(k=k)
/home/limei/miniconda3/envs/old-tf/lib/python3.6/site-packages/sklearn_extra/cluster/_k_medoids.py:333: UserWarning: Cluster 259 is empty! self.labels_[self.medoid_indices_[259]] may not be labeled with its corresponding cluster (259).
  "its corresponding cluster ({k}).".format(k=k)
/home/limei/miniconda3/envs/old-tf/lib/python3.6/site-packages/sklearn_extra/cluster/_k_medoids.py:333: UserWarning: Cluster 260 is empty! self.labels_[self.medoid_indices_[260]] may not be labeled with its corresponding cluster (260).
  "its corresponding cluster ({k}).".format(k=k)
/home/limei/miniconda3/envs/old-tf/lib/python3.6/site-packages/sklearn_extra/cluster/_k_medoids.py:333: UserWarning: Cluster 261 is empty! self.labels_[self.medoid_indices_[261]] may not be labeled with its corresponding cluster (261).
  "its corresponding cluster ({k}).".format(k=k)
/home/limei/miniconda3/envs/old-tf/lib/python3.6/site-packages/sklearn_extra/cluster/_k_medoids.py:333: UserWarning: Cluster 262 is empty! self.labels_[self.medoid_indices_[262]] may not be labeled with its corresponding cluster (262).
  "its corresponding cluster ({k}).".format(k=k)
/home/limei/miniconda3/envs/old-tf/lib/python3.6/site-packages/sklearn_extra/cluster/_k_medoids.py:333: UserWarning: Cluster 263 is empty! self.labels_[self.medoid_indices_[263]] may not be labeled with its corresponding cluster (263).
  "its corresponding cluster ({k}).".format(k=k)
/home/limei/miniconda3/envs/old-tf/lib/python3.6/site-packages/sklearn_extra/cluster/_k_medoids.py:333: UserWarning: Cluster 264 is empty! self.labels_[self.medoid_indices_[264]] may not be labeled with its corresponding cluster (264).
  "its corresponding cluster ({k}).".format(k=k)
/home/limei/miniconda3/envs/old-tf/lib/python3.6/site-packages/sklearn_extra/cluster/_k_medoids.py:333: UserWarning: Cluster 265 is empty! self.labels_[self.medoid_indices_[265]] may not be labeled with its corresponding cluster (265).
  "its corresponding cluster ({k}).".format(k=k)
/home/limei/miniconda3/envs/old-tf/lib/python3.6/site-packages/sklearn_extra/cluster/_k_medoids.py:333: UserWarning: Cluster 266 is empty! self.labels_[self.medoid_indices_[266]] may not be labeled with its corresponding cluster (266).
  "its corresponding cluster ({k}).".format(k=k)
/home/limei/miniconda3/envs/old-tf/lib/python3.6/site-packages/sklearn_extra/cluster/_k_medoids.py:333: UserWarning: Cluster 269 is empty! self.labels_[self.medoid_indices_[269]] may not be labeled with its corresponding cluster (269).
  "its corresponding cluster ({k}).".format(k=k)
/home/limei/miniconda3/envs/old-tf/lib/python3.6/site-packages/sklearn_extra/cluster/_k_medoids.py:333: UserWarning: Cluster 270 is empty! self.labels_[self.medoid_indices_[270]] may not be labeled with its corresponding cluster (270).
  "its corresponding cluster ({k}).".format(k=k)
/home/limei/miniconda3/envs/old-tf/lib/python3.6/site-packages/sklearn_extra/cluster/_k_medoids.py:333: UserWarning: Cluster 271 is empty! self.labels_[self.medoid_indices_[271]] may not be labeled with its corresponding cluster (271).
  "its corresponding cluster ({k}).".format(k=k)
/home/limei/miniconda3/envs/old-tf/lib/python3.6/site-packages/sklearn_extra/cluster/_k_medoids.py:333: UserWarning: Cluster 273 is empty! self.labels_[self.medoid_indices_[273]] may not be labeled with its corresponding cluster (273).
  "its corresponding cluster ({k}).".format(k=k)
/home/limei/miniconda3/envs/old-tf/lib/python3.6/site-packages/sklearn_extra/cluster/_k_medoids.py:333: UserWarning: Cluster 275 is empty! self.labels_[self.medoid_indices_[275]] may not be labeled with its corresponding cluster (275).
  "its corresponding cluster ({k}).".format(k=k)
/home/limei/miniconda3/envs/old-tf/lib/python3.6/site-packages/sklearn_extra/cluster/_k_medoids.py:333: UserWarning: Cluster 276 is empty! self.labels_[self.medoid_indices_[276]] may not be labeled with its corresponding cluster (276).
  "its corresponding cluster ({k}).".format(k=k)
/home/limei/miniconda3/envs/old-tf/lib/python3.6/site-packages/sklearn_extra/cluster/_k_medoids.py:333: UserWarning: Cluster 277 is empty! self.labels_[self.medoid_indices_[277]] may not be labeled with its corresponding cluster (277).
  "its corresponding cluster ({k}).".format(k=k)
/home/limei/miniconda3/envs/old-tf/lib/python3.6/site-packages/sklearn_extra/cluster/_k_medoids.py:333: UserWarning: Cluster 278 is empty! self.labels_[self.medoid_indices_[278]] may not be labeled with its corresponding cluster (278).
  "its corresponding cluster ({k}).".format(k=k)
/home/limei/miniconda3/envs/old-tf/lib/python3.6/site-packages/sklearn_extra/cluster/_k_medoids.py:333: UserWarning: Cluster 279 is empty! self.labels_[self.medoid_indices_[279]] may not be labeled with its corresponding cluster (279).
  "its corresponding cluster ({k}).".format(k=k)
/home/limei/miniconda3/envs/old-tf/lib/python3.6/site-packages/sklearn_extra/cluster/_k_medoids.py:333: UserWarning: Cluster 282 is empty! self.labels_[self.medoid_indices_[282]] may not be labeled with its corresponding cluster (282).
  "its corresponding cluster ({k}).".format(k=k)
/home/limei/miniconda3/envs/old-tf/lib/python3.6/site-packages/sklearn_extra/cluster/_k_medoids.py:333: UserWarning: Cluster 283 is empty! self.labels_[self.medoid_indices_[283]] may not be labeled with its corresponding cluster (283).
  "its corresponding cluster ({k}).".format(k=k)
/home/limei/miniconda3/envs/old-tf/lib/python3.6/site-packages/sklearn_extra/cluster/_k_medoids.py:333: UserWarning: Cluster 284 is empty! self.labels_[self.medoid_indices_[284]] may not be labeled with its corresponding cluster (284).
  "its corresponding cluster ({k}).".format(k=k)
/home/limei/miniconda3/envs/old-tf/lib/python3.6/site-packages/sklearn_extra/cluster/_k_medoids.py:333: UserWarning: Cluster 286 is empty! self.labels_[self.medoid_indices_[286]] may not be labeled with its corresponding cluster (286).
  "its corresponding cluster ({k}).".format(k=k)
/home/limei/miniconda3/envs/old-tf/lib/python3.6/site-packages/sklearn_extra/cluster/_k_medoids.py:333: UserWarning: Cluster 296 is empty! self.labels_[self.medoid_indices_[296]] may not be labeled with its corresponding cluster (296).
  "its corresponding cluster ({k}).".format(k=k)
/home/limei/miniconda3/envs/old-tf/lib/python3.6/site-packages/sklearn_extra/cluster/_k_medoids.py:333: UserWarning: Cluster 297 is empty! self.labels_[self.medoid_indices_[297]] may not be labeled with its corresponding cluster (297).
  "its corresponding cluster ({k}).".format(k=k)
