2025-01-23 02:10:55.855827: I tensorflow/stream_executor/cuda/cuda_gpu_executor.cc:937] successful NUMA node read from SysFS had negative value (-1), but there must be at least one NUMA node, so returning NUMA node zero
2025-01-23 02:10:55.886927: I tensorflow/stream_executor/cuda/cuda_gpu_executor.cc:937] successful NUMA node read from SysFS had negative value (-1), but there must be at least one NUMA node, so returning NUMA node zero
2025-01-23 02:10:55.891262: I tensorflow/stream_executor/cuda/cuda_gpu_executor.cc:937] successful NUMA node read from SysFS had negative value (-1), but there must be at least one NUMA node, so returning NUMA node zero
2025-01-23 02:11:19.558052: I tensorflow/core/platform/cpu_feature_guard.cc:142] This TensorFlow binary is optimized with oneAPI Deep Neural Network Library (oneDNN) to use the following CPU instructions in performance-critical operations:  AVX2 FMA
To enable them in other operations, rebuild TensorFlow with the appropriate compiler flags.
2025-01-23 02:11:19.558744: I tensorflow/stream_executor/cuda/cuda_gpu_executor.cc:937] successful NUMA node read from SysFS had negative value (-1), but there must be at least one NUMA node, so returning NUMA node zero
2025-01-23 02:11:19.560688: I tensorflow/stream_executor/cuda/cuda_gpu_executor.cc:937] successful NUMA node read from SysFS had negative value (-1), but there must be at least one NUMA node, so returning NUMA node zero
2025-01-23 02:11:19.562442: I tensorflow/stream_executor/cuda/cuda_gpu_executor.cc:937] successful NUMA node read from SysFS had negative value (-1), but there must be at least one NUMA node, so returning NUMA node zero
2025-01-23 02:11:20.352159: I tensorflow/stream_executor/cuda/cuda_gpu_executor.cc:937] successful NUMA node read from SysFS had negative value (-1), but there must be at least one NUMA node, so returning NUMA node zero
2025-01-23 02:11:20.353570: I tensorflow/stream_executor/cuda/cuda_gpu_executor.cc:937] successful NUMA node read from SysFS had negative value (-1), but there must be at least one NUMA node, so returning NUMA node zero
2025-01-23 02:11:20.354919: I tensorflow/stream_executor/cuda/cuda_gpu_executor.cc:937] successful NUMA node read from SysFS had negative value (-1), but there must be at least one NUMA node, so returning NUMA node zero
2025-01-23 02:11:20.356058: I tensorflow/core/common_runtime/gpu/gpu_device.cc:1510] Created device /job:localhost/replica:0/task:0/device:GPU:0 with 78930 MB memory:  -> device: 0, name: NVIDIA A100 80GB PCIe, pci bus id: 0000:43:00.0, compute capability: 8.0
2025-01-23 02:11:23.451810: I tensorflow/compiler/mlir/mlir_graph_optimization_pass.cc:185] None of the MLIR Optimization Passes are enabled (registered 2)
2025-01-23 02:11:27.890876: I tensorflow/stream_executor/cuda/cuda_blas.cc:1760] TensorFloat-32 will be used for the matrix multiplication. This will only be logged once.
2025-01-23 02:11:50.305667: I tensorflow/stream_executor/cuda/cuda_dnn.cc:369] Loaded cuDNN version 8100
/home/limei/miniconda3/envs/old-tf/lib/python3.6/site-packages/sklearn_extra/cluster/_k_medoids.py:333: UserWarning: Cluster 1 is empty! self.labels_[self.medoid_indices_[1]] may not be labeled with its corresponding cluster (1).
  "its corresponding cluster ({k}).".format(k=k)
/home/limei/miniconda3/envs/old-tf/lib/python3.6/site-packages/sklearn_extra/cluster/_k_medoids.py:333: UserWarning: Cluster 6 is empty! self.labels_[self.medoid_indices_[6]] may not be labeled with its corresponding cluster (6).
  "its corresponding cluster ({k}).".format(k=k)
/home/limei/miniconda3/envs/old-tf/lib/python3.6/site-packages/sklearn_extra/cluster/_k_medoids.py:333: UserWarning: Cluster 8 is empty! self.labels_[self.medoid_indices_[8]] may not be labeled with its corresponding cluster (8).
  "its corresponding cluster ({k}).".format(k=k)
/home/limei/miniconda3/envs/old-tf/lib/python3.6/site-packages/sklearn_extra/cluster/_k_medoids.py:333: UserWarning: Cluster 11 is empty! self.labels_[self.medoid_indices_[11]] may not be labeled with its corresponding cluster (11).
  "its corresponding cluster ({k}).".format(k=k)
/home/limei/miniconda3/envs/old-tf/lib/python3.6/site-packages/sklearn_extra/cluster/_k_medoids.py:333: UserWarning: Cluster 12 is empty! self.labels_[self.medoid_indices_[12]] may not be labeled with its corresponding cluster (12).
  "its corresponding cluster ({k}).".format(k=k)
/home/limei/miniconda3/envs/old-tf/lib/python3.6/site-packages/sklearn_extra/cluster/_k_medoids.py:333: UserWarning: Cluster 14 is empty! self.labels_[self.medoid_indices_[14]] may not be labeled with its corresponding cluster (14).
  "its corresponding cluster ({k}).".format(k=k)
/home/limei/miniconda3/envs/old-tf/lib/python3.6/site-packages/sklearn_extra/cluster/_k_medoids.py:333: UserWarning: Cluster 15 is empty! self.labels_[self.medoid_indices_[15]] may not be labeled with its corresponding cluster (15).
  "its corresponding cluster ({k}).".format(k=k)
/home/limei/miniconda3/envs/old-tf/lib/python3.6/site-packages/sklearn_extra/cluster/_k_medoids.py:333: UserWarning: Cluster 18 is empty! self.labels_[self.medoid_indices_[18]] may not be labeled with its corresponding cluster (18).
  "its corresponding cluster ({k}).".format(k=k)
/home/limei/miniconda3/envs/old-tf/lib/python3.6/site-packages/sklearn_extra/cluster/_k_medoids.py:333: UserWarning: Cluster 23 is empty! self.labels_[self.medoid_indices_[23]] may not be labeled with its corresponding cluster (23).
  "its corresponding cluster ({k}).".format(k=k)
/home/limei/miniconda3/envs/old-tf/lib/python3.6/site-packages/sklearn_extra/cluster/_k_medoids.py:333: UserWarning: Cluster 24 is empty! self.labels_[self.medoid_indices_[24]] may not be labeled with its corresponding cluster (24).
  "its corresponding cluster ({k}).".format(k=k)
/home/limei/miniconda3/envs/old-tf/lib/python3.6/site-packages/sklearn_extra/cluster/_k_medoids.py:333: UserWarning: Cluster 25 is empty! self.labels_[self.medoid_indices_[25]] may not be labeled with its corresponding cluster (25).
  "its corresponding cluster ({k}).".format(k=k)
/home/limei/miniconda3/envs/old-tf/lib/python3.6/site-packages/sklearn_extra/cluster/_k_medoids.py:333: UserWarning: Cluster 26 is empty! self.labels_[self.medoid_indices_[26]] may not be labeled with its corresponding cluster (26).
  "its corresponding cluster ({k}).".format(k=k)
/home/limei/miniconda3/envs/old-tf/lib/python3.6/site-packages/sklearn_extra/cluster/_k_medoids.py:333: UserWarning: Cluster 32 is empty! self.labels_[self.medoid_indices_[32]] may not be labeled with its corresponding cluster (32).
  "its corresponding cluster ({k}).".format(k=k)
/home/limei/miniconda3/envs/old-tf/lib/python3.6/site-packages/sklearn_extra/cluster/_k_medoids.py:333: UserWarning: Cluster 33 is empty! self.labels_[self.medoid_indices_[33]] may not be labeled with its corresponding cluster (33).
  "its corresponding cluster ({k}).".format(k=k)
/home/limei/miniconda3/envs/old-tf/lib/python3.6/site-packages/sklearn_extra/cluster/_k_medoids.py:333: UserWarning: Cluster 34 is empty! self.labels_[self.medoid_indices_[34]] may not be labeled with its corresponding cluster (34).
  "its corresponding cluster ({k}).".format(k=k)
/home/limei/miniconda3/envs/old-tf/lib/python3.6/site-packages/sklearn_extra/cluster/_k_medoids.py:333: UserWarning: Cluster 35 is empty! self.labels_[self.medoid_indices_[35]] may not be labeled with its corresponding cluster (35).
  "its corresponding cluster ({k}).".format(k=k)
/home/limei/miniconda3/envs/old-tf/lib/python3.6/site-packages/sklearn_extra/cluster/_k_medoids.py:333: UserWarning: Cluster 38 is empty! self.labels_[self.medoid_indices_[38]] may not be labeled with its corresponding cluster (38).
  "its corresponding cluster ({k}).".format(k=k)
/home/limei/miniconda3/envs/old-tf/lib/python3.6/site-packages/sklearn_extra/cluster/_k_medoids.py:333: UserWarning: Cluster 39 is empty! self.labels_[self.medoid_indices_[39]] may not be labeled with its corresponding cluster (39).
  "its corresponding cluster ({k}).".format(k=k)
/home/limei/miniconda3/envs/old-tf/lib/python3.6/site-packages/sklearn_extra/cluster/_k_medoids.py:333: UserWarning: Cluster 42 is empty! self.labels_[self.medoid_indices_[42]] may not be labeled with its corresponding cluster (42).
  "its corresponding cluster ({k}).".format(k=k)
/home/limei/miniconda3/envs/old-tf/lib/python3.6/site-packages/sklearn_extra/cluster/_k_medoids.py:333: UserWarning: Cluster 46 is empty! self.labels_[self.medoid_indices_[46]] may not be labeled with its corresponding cluster (46).
  "its corresponding cluster ({k}).".format(k=k)
/home/limei/miniconda3/envs/old-tf/lib/python3.6/site-packages/sklearn_extra/cluster/_k_medoids.py:333: UserWarning: Cluster 47 is empty! self.labels_[self.medoid_indices_[47]] may not be labeled with its corresponding cluster (47).
  "its corresponding cluster ({k}).".format(k=k)
/home/limei/miniconda3/envs/old-tf/lib/python3.6/site-packages/sklearn_extra/cluster/_k_medoids.py:333: UserWarning: Cluster 48 is empty! self.labels_[self.medoid_indices_[48]] may not be labeled with its corresponding cluster (48).
  "its corresponding cluster ({k}).".format(k=k)
/home/limei/miniconda3/envs/old-tf/lib/python3.6/site-packages/sklearn_extra/cluster/_k_medoids.py:333: UserWarning: Cluster 49 is empty! self.labels_[self.medoid_indices_[49]] may not be labeled with its corresponding cluster (49).
  "its corresponding cluster ({k}).".format(k=k)
/home/limei/miniconda3/envs/old-tf/lib/python3.6/site-packages/sklearn_extra/cluster/_k_medoids.py:333: UserWarning: Cluster 50 is empty! self.labels_[self.medoid_indices_[50]] may not be labeled with its corresponding cluster (50).
  "its corresponding cluster ({k}).".format(k=k)
/home/limei/miniconda3/envs/old-tf/lib/python3.6/site-packages/sklearn_extra/cluster/_k_medoids.py:333: UserWarning: Cluster 52 is empty! self.labels_[self.medoid_indices_[52]] may not be labeled with its corresponding cluster (52).
  "its corresponding cluster ({k}).".format(k=k)
/home/limei/miniconda3/envs/old-tf/lib/python3.6/site-packages/sklearn_extra/cluster/_k_medoids.py:333: UserWarning: Cluster 54 is empty! self.labels_[self.medoid_indices_[54]] may not be labeled with its corresponding cluster (54).
  "its corresponding cluster ({k}).".format(k=k)
/home/limei/miniconda3/envs/old-tf/lib/python3.6/site-packages/sklearn_extra/cluster/_k_medoids.py:333: UserWarning: Cluster 55 is empty! self.labels_[self.medoid_indices_[55]] may not be labeled with its corresponding cluster (55).
  "its corresponding cluster ({k}).".format(k=k)
/home/limei/miniconda3/envs/old-tf/lib/python3.6/site-packages/sklearn_extra/cluster/_k_medoids.py:333: UserWarning: Cluster 57 is empty! self.labels_[self.medoid_indices_[57]] may not be labeled with its corresponding cluster (57).
  "its corresponding cluster ({k}).".format(k=k)
/home/limei/miniconda3/envs/old-tf/lib/python3.6/site-packages/sklearn_extra/cluster/_k_medoids.py:333: UserWarning: Cluster 60 is empty! self.labels_[self.medoid_indices_[60]] may not be labeled with its corresponding cluster (60).
  "its corresponding cluster ({k}).".format(k=k)
/home/limei/miniconda3/envs/old-tf/lib/python3.6/site-packages/sklearn_extra/cluster/_k_medoids.py:333: UserWarning: Cluster 62 is empty! self.labels_[self.medoid_indices_[62]] may not be labeled with its corresponding cluster (62).
  "its corresponding cluster ({k}).".format(k=k)
/home/limei/miniconda3/envs/old-tf/lib/python3.6/site-packages/sklearn_extra/cluster/_k_medoids.py:333: UserWarning: Cluster 63 is empty! self.labels_[self.medoid_indices_[63]] may not be labeled with its corresponding cluster (63).
  "its corresponding cluster ({k}).".format(k=k)
/home/limei/miniconda3/envs/old-tf/lib/python3.6/site-packages/sklearn_extra/cluster/_k_medoids.py:333: UserWarning: Cluster 79 is empty! self.labels_[self.medoid_indices_[79]] may not be labeled with its corresponding cluster (79).
  "its corresponding cluster ({k}).".format(k=k)
/home/limei/miniconda3/envs/old-tf/lib/python3.6/site-packages/sklearn_extra/cluster/_k_medoids.py:333: UserWarning: Cluster 80 is empty! self.labels_[self.medoid_indices_[80]] may not be labeled with its corresponding cluster (80).
  "its corresponding cluster ({k}).".format(k=k)
/home/limei/miniconda3/envs/old-tf/lib/python3.6/site-packages/sklearn_extra/cluster/_k_medoids.py:333: UserWarning: Cluster 81 is empty! self.labels_[self.medoid_indices_[81]] may not be labeled with its corresponding cluster (81).
  "its corresponding cluster ({k}).".format(k=k)
/home/limei/miniconda3/envs/old-tf/lib/python3.6/site-packages/sklearn_extra/cluster/_k_medoids.py:333: UserWarning: Cluster 83 is empty! self.labels_[self.medoid_indices_[83]] may not be labeled with its corresponding cluster (83).
  "its corresponding cluster ({k}).".format(k=k)
/home/limei/miniconda3/envs/old-tf/lib/python3.6/site-packages/sklearn_extra/cluster/_k_medoids.py:333: UserWarning: Cluster 89 is empty! self.labels_[self.medoid_indices_[89]] may not be labeled with its corresponding cluster (89).
  "its corresponding cluster ({k}).".format(k=k)
/home/limei/miniconda3/envs/old-tf/lib/python3.6/site-packages/sklearn_extra/cluster/_k_medoids.py:333: UserWarning: Cluster 91 is empty! self.labels_[self.medoid_indices_[91]] may not be labeled with its corresponding cluster (91).
  "its corresponding cluster ({k}).".format(k=k)
/home/limei/miniconda3/envs/old-tf/lib/python3.6/site-packages/sklearn_extra/cluster/_k_medoids.py:333: UserWarning: Cluster 92 is empty! self.labels_[self.medoid_indices_[92]] may not be labeled with its corresponding cluster (92).
  "its corresponding cluster ({k}).".format(k=k)
/home/limei/miniconda3/envs/old-tf/lib/python3.6/site-packages/sklearn_extra/cluster/_k_medoids.py:333: UserWarning: Cluster 93 is empty! self.labels_[self.medoid_indices_[93]] may not be labeled with its corresponding cluster (93).
  "its corresponding cluster ({k}).".format(k=k)
/home/limei/miniconda3/envs/old-tf/lib/python3.6/site-packages/sklearn_extra/cluster/_k_medoids.py:333: UserWarning: Cluster 96 is empty! self.labels_[self.medoid_indices_[96]] may not be labeled with its corresponding cluster (96).
  "its corresponding cluster ({k}).".format(k=k)
/home/limei/miniconda3/envs/old-tf/lib/python3.6/site-packages/sklearn_extra/cluster/_k_medoids.py:333: UserWarning: Cluster 97 is empty! self.labels_[self.medoid_indices_[97]] may not be labeled with its corresponding cluster (97).
  "its corresponding cluster ({k}).".format(k=k)
/home/limei/miniconda3/envs/old-tf/lib/python3.6/site-packages/sklearn_extra/cluster/_k_medoids.py:333: UserWarning: Cluster 98 is empty! self.labels_[self.medoid_indices_[98]] may not be labeled with its corresponding cluster (98).
  "its corresponding cluster ({k}).".format(k=k)
/home/limei/miniconda3/envs/old-tf/lib/python3.6/site-packages/sklearn_extra/cluster/_k_medoids.py:333: UserWarning: Cluster 103 is empty! self.labels_[self.medoid_indices_[103]] may not be labeled with its corresponding cluster (103).
  "its corresponding cluster ({k}).".format(k=k)
/home/limei/miniconda3/envs/old-tf/lib/python3.6/site-packages/sklearn_extra/cluster/_k_medoids.py:333: UserWarning: Cluster 104 is empty! self.labels_[self.medoid_indices_[104]] may not be labeled with its corresponding cluster (104).
  "its corresponding cluster ({k}).".format(k=k)
/home/limei/miniconda3/envs/old-tf/lib/python3.6/site-packages/sklearn_extra/cluster/_k_medoids.py:333: UserWarning: Cluster 105 is empty! self.labels_[self.medoid_indices_[105]] may not be labeled with its corresponding cluster (105).
  "its corresponding cluster ({k}).".format(k=k)
/home/limei/miniconda3/envs/old-tf/lib/python3.6/site-packages/sklearn_extra/cluster/_k_medoids.py:333: UserWarning: Cluster 106 is empty! self.labels_[self.medoid_indices_[106]] may not be labeled with its corresponding cluster (106).
  "its corresponding cluster ({k}).".format(k=k)
/home/limei/miniconda3/envs/old-tf/lib/python3.6/site-packages/sklearn_extra/cluster/_k_medoids.py:333: UserWarning: Cluster 107 is empty! self.labels_[self.medoid_indices_[107]] may not be labeled with its corresponding cluster (107).
  "its corresponding cluster ({k}).".format(k=k)
/home/limei/miniconda3/envs/old-tf/lib/python3.6/site-packages/sklearn_extra/cluster/_k_medoids.py:333: UserWarning: Cluster 108 is empty! self.labels_[self.medoid_indices_[108]] may not be labeled with its corresponding cluster (108).
  "its corresponding cluster ({k}).".format(k=k)
/home/limei/miniconda3/envs/old-tf/lib/python3.6/site-packages/sklearn_extra/cluster/_k_medoids.py:333: UserWarning: Cluster 111 is empty! self.labels_[self.medoid_indices_[111]] may not be labeled with its corresponding cluster (111).
  "its corresponding cluster ({k}).".format(k=k)
/home/limei/miniconda3/envs/old-tf/lib/python3.6/site-packages/sklearn_extra/cluster/_k_medoids.py:333: UserWarning: Cluster 112 is empty! self.labels_[self.medoid_indices_[112]] may not be labeled with its corresponding cluster (112).
  "its corresponding cluster ({k}).".format(k=k)
/home/limei/miniconda3/envs/old-tf/lib/python3.6/site-packages/sklearn_extra/cluster/_k_medoids.py:333: UserWarning: Cluster 113 is empty! self.labels_[self.medoid_indices_[113]] may not be labeled with its corresponding cluster (113).
  "its corresponding cluster ({k}).".format(k=k)
/home/limei/miniconda3/envs/old-tf/lib/python3.6/site-packages/sklearn_extra/cluster/_k_medoids.py:333: UserWarning: Cluster 114 is empty! self.labels_[self.medoid_indices_[114]] may not be labeled with its corresponding cluster (114).
  "its corresponding cluster ({k}).".format(k=k)
/home/limei/miniconda3/envs/old-tf/lib/python3.6/site-packages/sklearn_extra/cluster/_k_medoids.py:333: UserWarning: Cluster 115 is empty! self.labels_[self.medoid_indices_[115]] may not be labeled with its corresponding cluster (115).
  "its corresponding cluster ({k}).".format(k=k)
/home/limei/miniconda3/envs/old-tf/lib/python3.6/site-packages/sklearn_extra/cluster/_k_medoids.py:333: UserWarning: Cluster 116 is empty! self.labels_[self.medoid_indices_[116]] may not be labeled with its corresponding cluster (116).
  "its corresponding cluster ({k}).".format(k=k)
/home/limei/miniconda3/envs/old-tf/lib/python3.6/site-packages/sklearn_extra/cluster/_k_medoids.py:333: UserWarning: Cluster 118 is empty! self.labels_[self.medoid_indices_[118]] may not be labeled with its corresponding cluster (118).
  "its corresponding cluster ({k}).".format(k=k)
/home/limei/miniconda3/envs/old-tf/lib/python3.6/site-packages/sklearn_extra/cluster/_k_medoids.py:333: UserWarning: Cluster 121 is empty! self.labels_[self.medoid_indices_[121]] may not be labeled with its corresponding cluster (121).
  "its corresponding cluster ({k}).".format(k=k)
/home/limei/miniconda3/envs/old-tf/lib/python3.6/site-packages/sklearn_extra/cluster/_k_medoids.py:333: UserWarning: Cluster 122 is empty! self.labels_[self.medoid_indices_[122]] may not be labeled with its corresponding cluster (122).
  "its corresponding cluster ({k}).".format(k=k)
/home/limei/miniconda3/envs/old-tf/lib/python3.6/site-packages/sklearn_extra/cluster/_k_medoids.py:333: UserWarning: Cluster 123 is empty! self.labels_[self.medoid_indices_[123]] may not be labeled with its corresponding cluster (123).
  "its corresponding cluster ({k}).".format(k=k)
/home/limei/miniconda3/envs/old-tf/lib/python3.6/site-packages/sklearn_extra/cluster/_k_medoids.py:333: UserWarning: Cluster 124 is empty! self.labels_[self.medoid_indices_[124]] may not be labeled with its corresponding cluster (124).
  "its corresponding cluster ({k}).".format(k=k)
/home/limei/miniconda3/envs/old-tf/lib/python3.6/site-packages/sklearn_extra/cluster/_k_medoids.py:333: UserWarning: Cluster 125 is empty! self.labels_[self.medoid_indices_[125]] may not be labeled with its corresponding cluster (125).
  "its corresponding cluster ({k}).".format(k=k)
/home/limei/miniconda3/envs/old-tf/lib/python3.6/site-packages/sklearn_extra/cluster/_k_medoids.py:333: UserWarning: Cluster 127 is empty! self.labels_[self.medoid_indices_[127]] may not be labeled with its corresponding cluster (127).
  "its corresponding cluster ({k}).".format(k=k)
/home/limei/miniconda3/envs/old-tf/lib/python3.6/site-packages/sklearn_extra/cluster/_k_medoids.py:333: UserWarning: Cluster 130 is empty! self.labels_[self.medoid_indices_[130]] may not be labeled with its corresponding cluster (130).
  "its corresponding cluster ({k}).".format(k=k)
/home/limei/miniconda3/envs/old-tf/lib/python3.6/site-packages/sklearn_extra/cluster/_k_medoids.py:333: UserWarning: Cluster 131 is empty! self.labels_[self.medoid_indices_[131]] may not be labeled with its corresponding cluster (131).
  "its corresponding cluster ({k}).".format(k=k)
/home/limei/miniconda3/envs/old-tf/lib/python3.6/site-packages/sklearn_extra/cluster/_k_medoids.py:333: UserWarning: Cluster 132 is empty! self.labels_[self.medoid_indices_[132]] may not be labeled with its corresponding cluster (132).
  "its corresponding cluster ({k}).".format(k=k)
/home/limei/miniconda3/envs/old-tf/lib/python3.6/site-packages/sklearn_extra/cluster/_k_medoids.py:333: UserWarning: Cluster 133 is empty! self.labels_[self.medoid_indices_[133]] may not be labeled with its corresponding cluster (133).
  "its corresponding cluster ({k}).".format(k=k)
/home/limei/miniconda3/envs/old-tf/lib/python3.6/site-packages/sklearn_extra/cluster/_k_medoids.py:333: UserWarning: Cluster 134 is empty! self.labels_[self.medoid_indices_[134]] may not be labeled with its corresponding cluster (134).
  "its corresponding cluster ({k}).".format(k=k)
/home/limei/miniconda3/envs/old-tf/lib/python3.6/site-packages/sklearn_extra/cluster/_k_medoids.py:333: UserWarning: Cluster 135 is empty! self.labels_[self.medoid_indices_[135]] may not be labeled with its corresponding cluster (135).
  "its corresponding cluster ({k}).".format(k=k)
/home/limei/miniconda3/envs/old-tf/lib/python3.6/site-packages/sklearn_extra/cluster/_k_medoids.py:333: UserWarning: Cluster 136 is empty! self.labels_[self.medoid_indices_[136]] may not be labeled with its corresponding cluster (136).
  "its corresponding cluster ({k}).".format(k=k)
/home/limei/miniconda3/envs/old-tf/lib/python3.6/site-packages/sklearn_extra/cluster/_k_medoids.py:333: UserWarning: Cluster 137 is empty! self.labels_[self.medoid_indices_[137]] may not be labeled with its corresponding cluster (137).
  "its corresponding cluster ({k}).".format(k=k)
/home/limei/miniconda3/envs/old-tf/lib/python3.6/site-packages/sklearn_extra/cluster/_k_medoids.py:333: UserWarning: Cluster 138 is empty! self.labels_[self.medoid_indices_[138]] may not be labeled with its corresponding cluster (138).
  "its corresponding cluster ({k}).".format(k=k)
/home/limei/miniconda3/envs/old-tf/lib/python3.6/site-packages/sklearn_extra/cluster/_k_medoids.py:333: UserWarning: Cluster 140 is empty! self.labels_[self.medoid_indices_[140]] may not be labeled with its corresponding cluster (140).
  "its corresponding cluster ({k}).".format(k=k)
/home/limei/miniconda3/envs/old-tf/lib/python3.6/site-packages/sklearn_extra/cluster/_k_medoids.py:333: UserWarning: Cluster 142 is empty! self.labels_[self.medoid_indices_[142]] may not be labeled with its corresponding cluster (142).
  "its corresponding cluster ({k}).".format(k=k)
/home/limei/miniconda3/envs/old-tf/lib/python3.6/site-packages/sklearn_extra/cluster/_k_medoids.py:333: UserWarning: Cluster 143 is empty! self.labels_[self.medoid_indices_[143]] may not be labeled with its corresponding cluster (143).
  "its corresponding cluster ({k}).".format(k=k)
/home/limei/miniconda3/envs/old-tf/lib/python3.6/site-packages/sklearn_extra/cluster/_k_medoids.py:333: UserWarning: Cluster 144 is empty! self.labels_[self.medoid_indices_[144]] may not be labeled with its corresponding cluster (144).
  "its corresponding cluster ({k}).".format(k=k)
/home/limei/miniconda3/envs/old-tf/lib/python3.6/site-packages/sklearn_extra/cluster/_k_medoids.py:333: UserWarning: Cluster 145 is empty! self.labels_[self.medoid_indices_[145]] may not be labeled with its corresponding cluster (145).
  "its corresponding cluster ({k}).".format(k=k)
/home/limei/miniconda3/envs/old-tf/lib/python3.6/site-packages/sklearn_extra/cluster/_k_medoids.py:333: UserWarning: Cluster 147 is empty! self.labels_[self.medoid_indices_[147]] may not be labeled with its corresponding cluster (147).
  "its corresponding cluster ({k}).".format(k=k)
/home/limei/miniconda3/envs/old-tf/lib/python3.6/site-packages/sklearn_extra/cluster/_k_medoids.py:333: UserWarning: Cluster 149 is empty! self.labels_[self.medoid_indices_[149]] may not be labeled with its corresponding cluster (149).
  "its corresponding cluster ({k}).".format(k=k)
/home/limei/miniconda3/envs/old-tf/lib/python3.6/site-packages/sklearn_extra/cluster/_k_medoids.py:333: UserWarning: Cluster 151 is empty! self.labels_[self.medoid_indices_[151]] may not be labeled with its corresponding cluster (151).
  "its corresponding cluster ({k}).".format(k=k)
/home/limei/miniconda3/envs/old-tf/lib/python3.6/site-packages/sklearn_extra/cluster/_k_medoids.py:333: UserWarning: Cluster 153 is empty! self.labels_[self.medoid_indices_[153]] may not be labeled with its corresponding cluster (153).
  "its corresponding cluster ({k}).".format(k=k)
/home/limei/miniconda3/envs/old-tf/lib/python3.6/site-packages/sklearn_extra/cluster/_k_medoids.py:333: UserWarning: Cluster 154 is empty! self.labels_[self.medoid_indices_[154]] may not be labeled with its corresponding cluster (154).
  "its corresponding cluster ({k}).".format(k=k)
/home/limei/miniconda3/envs/old-tf/lib/python3.6/site-packages/sklearn_extra/cluster/_k_medoids.py:333: UserWarning: Cluster 156 is empty! self.labels_[self.medoid_indices_[156]] may not be labeled with its corresponding cluster (156).
  "its corresponding cluster ({k}).".format(k=k)
/home/limei/miniconda3/envs/old-tf/lib/python3.6/site-packages/sklearn_extra/cluster/_k_medoids.py:333: UserWarning: Cluster 157 is empty! self.labels_[self.medoid_indices_[157]] may not be labeled with its corresponding cluster (157).
  "its corresponding cluster ({k}).".format(k=k)
/home/limei/miniconda3/envs/old-tf/lib/python3.6/site-packages/sklearn_extra/cluster/_k_medoids.py:333: UserWarning: Cluster 158 is empty! self.labels_[self.medoid_indices_[158]] may not be labeled with its corresponding cluster (158).
  "its corresponding cluster ({k}).".format(k=k)
/home/limei/miniconda3/envs/old-tf/lib/python3.6/site-packages/sklearn_extra/cluster/_k_medoids.py:333: UserWarning: Cluster 159 is empty! self.labels_[self.medoid_indices_[159]] may not be labeled with its corresponding cluster (159).
  "its corresponding cluster ({k}).".format(k=k)
/home/limei/miniconda3/envs/old-tf/lib/python3.6/site-packages/sklearn_extra/cluster/_k_medoids.py:333: UserWarning: Cluster 160 is empty! self.labels_[self.medoid_indices_[160]] may not be labeled with its corresponding cluster (160).
  "its corresponding cluster ({k}).".format(k=k)
/home/limei/miniconda3/envs/old-tf/lib/python3.6/site-packages/sklearn_extra/cluster/_k_medoids.py:333: UserWarning: Cluster 161 is empty! self.labels_[self.medoid_indices_[161]] may not be labeled with its corresponding cluster (161).
  "its corresponding cluster ({k}).".format(k=k)
/home/limei/miniconda3/envs/old-tf/lib/python3.6/site-packages/sklearn_extra/cluster/_k_medoids.py:333: UserWarning: Cluster 167 is empty! self.labels_[self.medoid_indices_[167]] may not be labeled with its corresponding cluster (167).
  "its corresponding cluster ({k}).".format(k=k)
/home/limei/miniconda3/envs/old-tf/lib/python3.6/site-packages/sklearn_extra/cluster/_k_medoids.py:333: UserWarning: Cluster 169 is empty! self.labels_[self.medoid_indices_[169]] may not be labeled with its corresponding cluster (169).
  "its corresponding cluster ({k}).".format(k=k)
/home/limei/miniconda3/envs/old-tf/lib/python3.6/site-packages/sklearn_extra/cluster/_k_medoids.py:333: UserWarning: Cluster 170 is empty! self.labels_[self.medoid_indices_[170]] may not be labeled with its corresponding cluster (170).
  "its corresponding cluster ({k}).".format(k=k)
/home/limei/miniconda3/envs/old-tf/lib/python3.6/site-packages/sklearn_extra/cluster/_k_medoids.py:333: UserWarning: Cluster 171 is empty! self.labels_[self.medoid_indices_[171]] may not be labeled with its corresponding cluster (171).
  "its corresponding cluster ({k}).".format(k=k)
/home/limei/miniconda3/envs/old-tf/lib/python3.6/site-packages/sklearn_extra/cluster/_k_medoids.py:333: UserWarning: Cluster 174 is empty! self.labels_[self.medoid_indices_[174]] may not be labeled with its corresponding cluster (174).
  "its corresponding cluster ({k}).".format(k=k)
/home/limei/miniconda3/envs/old-tf/lib/python3.6/site-packages/sklearn_extra/cluster/_k_medoids.py:333: UserWarning: Cluster 175 is empty! self.labels_[self.medoid_indices_[175]] may not be labeled with its corresponding cluster (175).
  "its corresponding cluster ({k}).".format(k=k)
/home/limei/miniconda3/envs/old-tf/lib/python3.6/site-packages/sklearn_extra/cluster/_k_medoids.py:333: UserWarning: Cluster 176 is empty! self.labels_[self.medoid_indices_[176]] may not be labeled with its corresponding cluster (176).
  "its corresponding cluster ({k}).".format(k=k)
/home/limei/miniconda3/envs/old-tf/lib/python3.6/site-packages/sklearn_extra/cluster/_k_medoids.py:333: UserWarning: Cluster 177 is empty! self.labels_[self.medoid_indices_[177]] may not be labeled with its corresponding cluster (177).
  "its corresponding cluster ({k}).".format(k=k)
/home/limei/miniconda3/envs/old-tf/lib/python3.6/site-packages/sklearn_extra/cluster/_k_medoids.py:333: UserWarning: Cluster 178 is empty! self.labels_[self.medoid_indices_[178]] may not be labeled with its corresponding cluster (178).
  "its corresponding cluster ({k}).".format(k=k)
/home/limei/miniconda3/envs/old-tf/lib/python3.6/site-packages/sklearn_extra/cluster/_k_medoids.py:333: UserWarning: Cluster 179 is empty! self.labels_[self.medoid_indices_[179]] may not be labeled with its corresponding cluster (179).
  "its corresponding cluster ({k}).".format(k=k)
/home/limei/miniconda3/envs/old-tf/lib/python3.6/site-packages/sklearn_extra/cluster/_k_medoids.py:333: UserWarning: Cluster 180 is empty! self.labels_[self.medoid_indices_[180]] may not be labeled with its corresponding cluster (180).
  "its corresponding cluster ({k}).".format(k=k)
/home/limei/miniconda3/envs/old-tf/lib/python3.6/site-packages/sklearn_extra/cluster/_k_medoids.py:333: UserWarning: Cluster 181 is empty! self.labels_[self.medoid_indices_[181]] may not be labeled with its corresponding cluster (181).
  "its corresponding cluster ({k}).".format(k=k)
/home/limei/miniconda3/envs/old-tf/lib/python3.6/site-packages/sklearn_extra/cluster/_k_medoids.py:333: UserWarning: Cluster 183 is empty! self.labels_[self.medoid_indices_[183]] may not be labeled with its corresponding cluster (183).
  "its corresponding cluster ({k}).".format(k=k)
/home/limei/miniconda3/envs/old-tf/lib/python3.6/site-packages/sklearn_extra/cluster/_k_medoids.py:333: UserWarning: Cluster 184 is empty! self.labels_[self.medoid_indices_[184]] may not be labeled with its corresponding cluster (184).
  "its corresponding cluster ({k}).".format(k=k)
/home/limei/miniconda3/envs/old-tf/lib/python3.6/site-packages/sklearn_extra/cluster/_k_medoids.py:333: UserWarning: Cluster 186 is empty! self.labels_[self.medoid_indices_[186]] may not be labeled with its corresponding cluster (186).
  "its corresponding cluster ({k}).".format(k=k)
/home/limei/miniconda3/envs/old-tf/lib/python3.6/site-packages/sklearn_extra/cluster/_k_medoids.py:333: UserWarning: Cluster 187 is empty! self.labels_[self.medoid_indices_[187]] may not be labeled with its corresponding cluster (187).
  "its corresponding cluster ({k}).".format(k=k)
/home/limei/miniconda3/envs/old-tf/lib/python3.6/site-packages/sklearn_extra/cluster/_k_medoids.py:333: UserWarning: Cluster 190 is empty! self.labels_[self.medoid_indices_[190]] may not be labeled with its corresponding cluster (190).
  "its corresponding cluster ({k}).".format(k=k)
/home/limei/miniconda3/envs/old-tf/lib/python3.6/site-packages/sklearn_extra/cluster/_k_medoids.py:333: UserWarning: Cluster 191 is empty! self.labels_[self.medoid_indices_[191]] may not be labeled with its corresponding cluster (191).
  "its corresponding cluster ({k}).".format(k=k)
/home/limei/miniconda3/envs/old-tf/lib/python3.6/site-packages/sklearn_extra/cluster/_k_medoids.py:333: UserWarning: Cluster 193 is empty! self.labels_[self.medoid_indices_[193]] may not be labeled with its corresponding cluster (193).
  "its corresponding cluster ({k}).".format(k=k)
/home/limei/miniconda3/envs/old-tf/lib/python3.6/site-packages/sklearn_extra/cluster/_k_medoids.py:333: UserWarning: Cluster 194 is empty! self.labels_[self.medoid_indices_[194]] may not be labeled with its corresponding cluster (194).
  "its corresponding cluster ({k}).".format(k=k)
/home/limei/miniconda3/envs/old-tf/lib/python3.6/site-packages/sklearn_extra/cluster/_k_medoids.py:333: UserWarning: Cluster 195 is empty! self.labels_[self.medoid_indices_[195]] may not be labeled with its corresponding cluster (195).
  "its corresponding cluster ({k}).".format(k=k)
/home/limei/miniconda3/envs/old-tf/lib/python3.6/site-packages/sklearn_extra/cluster/_k_medoids.py:333: UserWarning: Cluster 196 is empty! self.labels_[self.medoid_indices_[196]] may not be labeled with its corresponding cluster (196).
  "its corresponding cluster ({k}).".format(k=k)
/home/limei/miniconda3/envs/old-tf/lib/python3.6/site-packages/sklearn_extra/cluster/_k_medoids.py:333: UserWarning: Cluster 197 is empty! self.labels_[self.medoid_indices_[197]] may not be labeled with its corresponding cluster (197).
  "its corresponding cluster ({k}).".format(k=k)
/home/limei/miniconda3/envs/old-tf/lib/python3.6/site-packages/sklearn_extra/cluster/_k_medoids.py:333: UserWarning: Cluster 199 is empty! self.labels_[self.medoid_indices_[199]] may not be labeled with its corresponding cluster (199).
  "its corresponding cluster ({k}).".format(k=k)
/home/limei/miniconda3/envs/old-tf/lib/python3.6/site-packages/sklearn_extra/cluster/_k_medoids.py:333: UserWarning: Cluster 200 is empty! self.labels_[self.medoid_indices_[200]] may not be labeled with its corresponding cluster (200).
  "its corresponding cluster ({k}).".format(k=k)
/home/limei/miniconda3/envs/old-tf/lib/python3.6/site-packages/sklearn_extra/cluster/_k_medoids.py:333: UserWarning: Cluster 201 is empty! self.labels_[self.medoid_indices_[201]] may not be labeled with its corresponding cluster (201).
  "its corresponding cluster ({k}).".format(k=k)
/home/limei/miniconda3/envs/old-tf/lib/python3.6/site-packages/sklearn_extra/cluster/_k_medoids.py:333: UserWarning: Cluster 202 is empty! self.labels_[self.medoid_indices_[202]] may not be labeled with its corresponding cluster (202).
  "its corresponding cluster ({k}).".format(k=k)
/home/limei/miniconda3/envs/old-tf/lib/python3.6/site-packages/sklearn_extra/cluster/_k_medoids.py:333: UserWarning: Cluster 206 is empty! self.labels_[self.medoid_indices_[206]] may not be labeled with its corresponding cluster (206).
  "its corresponding cluster ({k}).".format(k=k)
/home/limei/miniconda3/envs/old-tf/lib/python3.6/site-packages/sklearn_extra/cluster/_k_medoids.py:333: UserWarning: Cluster 210 is empty! self.labels_[self.medoid_indices_[210]] may not be labeled with its corresponding cluster (210).
  "its corresponding cluster ({k}).".format(k=k)
/home/limei/miniconda3/envs/old-tf/lib/python3.6/site-packages/sklearn_extra/cluster/_k_medoids.py:333: UserWarning: Cluster 213 is empty! self.labels_[self.medoid_indices_[213]] may not be labeled with its corresponding cluster (213).
  "its corresponding cluster ({k}).".format(k=k)
/home/limei/miniconda3/envs/old-tf/lib/python3.6/site-packages/sklearn_extra/cluster/_k_medoids.py:333: UserWarning: Cluster 214 is empty! self.labels_[self.medoid_indices_[214]] may not be labeled with its corresponding cluster (214).
  "its corresponding cluster ({k}).".format(k=k)
/home/limei/miniconda3/envs/old-tf/lib/python3.6/site-packages/sklearn_extra/cluster/_k_medoids.py:333: UserWarning: Cluster 215 is empty! self.labels_[self.medoid_indices_[215]] may not be labeled with its corresponding cluster (215).
  "its corresponding cluster ({k}).".format(k=k)
/home/limei/miniconda3/envs/old-tf/lib/python3.6/site-packages/sklearn_extra/cluster/_k_medoids.py:333: UserWarning: Cluster 217 is empty! self.labels_[self.medoid_indices_[217]] may not be labeled with its corresponding cluster (217).
  "its corresponding cluster ({k}).".format(k=k)
/home/limei/miniconda3/envs/old-tf/lib/python3.6/site-packages/sklearn_extra/cluster/_k_medoids.py:333: UserWarning: Cluster 218 is empty! self.labels_[self.medoid_indices_[218]] may not be labeled with its corresponding cluster (218).
  "its corresponding cluster ({k}).".format(k=k)
/home/limei/miniconda3/envs/old-tf/lib/python3.6/site-packages/sklearn_extra/cluster/_k_medoids.py:333: UserWarning: Cluster 219 is empty! self.labels_[self.medoid_indices_[219]] may not be labeled with its corresponding cluster (219).
  "its corresponding cluster ({k}).".format(k=k)
/home/limei/miniconda3/envs/old-tf/lib/python3.6/site-packages/sklearn_extra/cluster/_k_medoids.py:333: UserWarning: Cluster 221 is empty! self.labels_[self.medoid_indices_[221]] may not be labeled with its corresponding cluster (221).
  "its corresponding cluster ({k}).".format(k=k)
/home/limei/miniconda3/envs/old-tf/lib/python3.6/site-packages/sklearn_extra/cluster/_k_medoids.py:333: UserWarning: Cluster 227 is empty! self.labels_[self.medoid_indices_[227]] may not be labeled with its corresponding cluster (227).
  "its corresponding cluster ({k}).".format(k=k)
/home/limei/miniconda3/envs/old-tf/lib/python3.6/site-packages/sklearn_extra/cluster/_k_medoids.py:333: UserWarning: Cluster 228 is empty! self.labels_[self.medoid_indices_[228]] may not be labeled with its corresponding cluster (228).
  "its corresponding cluster ({k}).".format(k=k)
/home/limei/miniconda3/envs/old-tf/lib/python3.6/site-packages/sklearn_extra/cluster/_k_medoids.py:333: UserWarning: Cluster 237 is empty! self.labels_[self.medoid_indices_[237]] may not be labeled with its corresponding cluster (237).
  "its corresponding cluster ({k}).".format(k=k)
/home/limei/miniconda3/envs/old-tf/lib/python3.6/site-packages/sklearn_extra/cluster/_k_medoids.py:333: UserWarning: Cluster 239 is empty! self.labels_[self.medoid_indices_[239]] may not be labeled with its corresponding cluster (239).
  "its corresponding cluster ({k}).".format(k=k)
/home/limei/miniconda3/envs/old-tf/lib/python3.6/site-packages/sklearn_extra/cluster/_k_medoids.py:333: UserWarning: Cluster 242 is empty! self.labels_[self.medoid_indices_[242]] may not be labeled with its corresponding cluster (242).
  "its corresponding cluster ({k}).".format(k=k)
/home/limei/miniconda3/envs/old-tf/lib/python3.6/site-packages/sklearn_extra/cluster/_k_medoids.py:333: UserWarning: Cluster 243 is empty! self.labels_[self.medoid_indices_[243]] may not be labeled with its corresponding cluster (243).
  "its corresponding cluster ({k}).".format(k=k)
/home/limei/miniconda3/envs/old-tf/lib/python3.6/site-packages/sklearn_extra/cluster/_k_medoids.py:333: UserWarning: Cluster 247 is empty! self.labels_[self.medoid_indices_[247]] may not be labeled with its corresponding cluster (247).
  "its corresponding cluster ({k}).".format(k=k)
/home/limei/miniconda3/envs/old-tf/lib/python3.6/site-packages/sklearn_extra/cluster/_k_medoids.py:333: UserWarning: Cluster 248 is empty! self.labels_[self.medoid_indices_[248]] may not be labeled with its corresponding cluster (248).
  "its corresponding cluster ({k}).".format(k=k)
/home/limei/miniconda3/envs/old-tf/lib/python3.6/site-packages/sklearn_extra/cluster/_k_medoids.py:333: UserWarning: Cluster 249 is empty! self.labels_[self.medoid_indices_[249]] may not be labeled with its corresponding cluster (249).
  "its corresponding cluster ({k}).".format(k=k)
