2025-01-23 01:24:06.576524: I tensorflow/core/platform/cpu_feature_guard.cc:142] This TensorFlow binary is optimized with oneAPI Deep Neural Network Library (oneDNN) to use the following CPU instructions in performance-critical operations:  AVX2 FMA
To enable them in other operations, rebuild TensorFlow with the appropriate compiler flags.
2025-01-23 01:24:07.286802: I tensorflow/core/common_runtime/gpu/gpu_device.cc:1510] Created device /job:localhost/replica:0/task:0/device:GPU:0 with 78930 MB memory:  -> device: 0, name: NVIDIA A100 80GB PCIe, pci bus id: 0000:01:00.0, compute capability: 8.0
2025-01-23 01:24:09.907211: I tensorflow/compiler/mlir/mlir_graph_optimization_pass.cc:185] None of the MLIR Optimization Passes are enabled (registered 2)
2025-01-23 01:24:12.529561: I tensorflow/stream_executor/cuda/cuda_blas.cc:1760] TensorFloat-32 will be used for the matrix multiplication. This will only be logged once.
2025-01-23 01:24:22.351453: I tensorflow/stream_executor/cuda/cuda_dnn.cc:369] Loaded cuDNN version 8100
/home/limei/miniconda3/envs/old-tf/lib/python3.6/site-packages/sklearn_extra/cluster/_k_medoids.py:333: UserWarning: Cluster 1 is empty! self.labels_[self.medoid_indices_[1]] may not be labeled with its corresponding cluster (1).
  "its corresponding cluster ({k}).".format(k=k)
/home/limei/miniconda3/envs/old-tf/lib/python3.6/site-packages/sklearn_extra/cluster/_k_medoids.py:333: UserWarning: Cluster 2 is empty! self.labels_[self.medoid_indices_[2]] may not be labeled with its corresponding cluster (2).
  "its corresponding cluster ({k}).".format(k=k)
/home/limei/miniconda3/envs/old-tf/lib/python3.6/site-packages/sklearn_extra/cluster/_k_medoids.py:333: UserWarning: Cluster 3 is empty! self.labels_[self.medoid_indices_[3]] may not be labeled with its corresponding cluster (3).
  "its corresponding cluster ({k}).".format(k=k)
/home/limei/miniconda3/envs/old-tf/lib/python3.6/site-packages/sklearn_extra/cluster/_k_medoids.py:333: UserWarning: Cluster 4 is empty! self.labels_[self.medoid_indices_[4]] may not be labeled with its corresponding cluster (4).
  "its corresponding cluster ({k}).".format(k=k)
/home/limei/miniconda3/envs/old-tf/lib/python3.6/site-packages/sklearn_extra/cluster/_k_medoids.py:333: UserWarning: Cluster 5 is empty! self.labels_[self.medoid_indices_[5]] may not be labeled with its corresponding cluster (5).
  "its corresponding cluster ({k}).".format(k=k)
/home/limei/miniconda3/envs/old-tf/lib/python3.6/site-packages/sklearn_extra/cluster/_k_medoids.py:333: UserWarning: Cluster 6 is empty! self.labels_[self.medoid_indices_[6]] may not be labeled with its corresponding cluster (6).
  "its corresponding cluster ({k}).".format(k=k)
/home/limei/miniconda3/envs/old-tf/lib/python3.6/site-packages/sklearn_extra/cluster/_k_medoids.py:333: UserWarning: Cluster 7 is empty! self.labels_[self.medoid_indices_[7]] may not be labeled with its corresponding cluster (7).
  "its corresponding cluster ({k}).".format(k=k)
/home/limei/miniconda3/envs/old-tf/lib/python3.6/site-packages/sklearn_extra/cluster/_k_medoids.py:333: UserWarning: Cluster 8 is empty! self.labels_[self.medoid_indices_[8]] may not be labeled with its corresponding cluster (8).
  "its corresponding cluster ({k}).".format(k=k)
Traceback (most recent call last):
  File "CUB_2_old.py", line 88, in <module>
    pNet.predict(test_S)
NameError: name 'test_S' is not defined
