shuffle:                                                  image  ...                               file_name
0    <PIL.JpegImagePlugin.JpegImageFile image mode=...  ...         Parakeet_Auklet_0065_795969.jpg
1    <PIL.JpegImagePlugin.JpegImageFile image mode=...  ...          Brewer_Blackbird_0135_2607.jpg
2    <PIL.JpegImagePlugin.JpegImageFile image mode=...  ...            Least_Auklet_0010_795092.jpg
3    <PIL.JpegImagePlugin.JpegImageFile image mode=...  ...  Black_Footed_Albatross_0036_796127.jpg
4    <PIL.Image.Image image mode=RGB size=500x375 a...  ...       Rhinoceros_Auklet_0031_797518.jpg
..                                                 ...  ...                                     ...
295  <PIL.JpegImagePlugin.JpegImageFile image mode=...  ...         Parakeet_Auklet_0027_795925.jpg
296  <PIL.JpegImagePlugin.JpegImageFile image mode=...  ...           Sooty_Albatross_0034_1154.jpg
297  <PIL.JpegImagePlugin.JpegImageFile image mode=...  ...         Groove_Billed_Ani_0055_1501.jpg
298  <PIL.JpegImagePlugin.JpegImageFile image mode=...  ...      Red_Winged_Blackbird_0001_3695.jpg
299  <PIL.JpegImagePlugin.JpegImageFile image mode=...  ...         Groove_Billed_Ani_0036_1604.jpg

[300 rows x 4 columns]
shuffle:                                                  image  ...                               file_name
0    <PIL.JpegImagePlugin.JpegImageFile image mode=...  ...           Laysan_Albatross_0012_696.jpg
1    <PIL.JpegImagePlugin.JpegImageFile image mode=...  ...         Groove_Billed_Ani_0100_1646.jpg
2    <PIL.JpegImagePlugin.JpegImageFile image mode=...  ...       Rhinoceros_Auklet_0027_797496.jpg
3    <PIL.JpegImagePlugin.JpegImageFile image mode=...  ...         Groove_Billed_Ani_0017_1561.jpg
4    <PIL.Image.Image image mode=RGB size=240x187 a...  ...  Black_Footed_Albatross_0061_796082.jpg
..                                                 ...  ...                                     ...
238  <PIL.JpegImagePlugin.JpegImageFile image mode=...  ...          Crested_Auklet_0042_794902.jpg
239  <PIL.Image.Image image mode=RGB size=500x385 a...  ...           Laysan_Albatross_0091_602.jpg
240  <PIL.JpegImagePlugin.JpegImageFile image mode=...  ...            Least_Auklet_0005_795119.jpg
241  <PIL.Image.Image image mode=RGB size=500x340 a...  ...           Laysan_Albatross_0049_918.jpg
242  <PIL.Image.Image image mode=RGB size=500x364 a...  ...      Red_Winged_Blackbird_0009_5841.jpg

[243 rows x 4 columns]
(543, 1373)
(1373,)
(1373,)
(1373,)
[6, 8, 5, 0, 7, 7, 6, 3, 0, 5]
len x_train: (300, 1373)
type y_train[0]: <class 'int'>
Accuracy: 0.83
Classification Report:
              precision    recall  f1-score   support

           0       0.73      0.53      0.62        30
           1       0.74      0.93      0.82        30
           2       0.62      0.64      0.63        28
           3       0.94      0.97      0.95        30
           4       1.00      0.71      0.83        14
           5       0.85      1.00      0.92        11
           6       0.77      1.00      0.87        23
           7       0.93      0.72      0.81        18
           8       0.93      0.86      0.89        29
           9       1.00      0.97      0.98        30

    accuracy                           0.83       243
   macro avg       0.85      0.83      0.83       243
weighted avg       0.84      0.83      0.83       243

