shuffle:                                                  image  ...                               file_name
0    <PIL.JpegImagePlugin.JpegImageFile image mode=...  ...         Sooty_Albatross_0040_796375.jpg
1    <PIL.JpegImagePlugin.JpegImageFile image mode=...  ...  Black_Footed_Albatross_0060_796076.jpg
2    <PIL.JpegImagePlugin.JpegImageFile image mode=...  ...         Groove_Billed_Ani_0091_1728.jpg
3    <PIL.JpegImagePlugin.JpegImageFile image mode=...  ...         Sooty_Albatross_0057_796354.jpg
4    <PIL.JpegImagePlugin.JpegImageFile image mode=...  ...           Sooty_Albatross_0045_1162.jpg
..                                                 ...  ...                                     ...
145  <PIL.JpegImagePlugin.JpegImageFile image mode=...  ...           Sooty_Albatross_0034_1154.jpg
146  <PIL.JpegImagePlugin.JpegImageFile image mode=...  ...         Groove_Billed_Ani_0055_1501.jpg
147  <PIL.JpegImagePlugin.JpegImageFile image mode=...  ...  Black_Footed_Albatross_0047_796064.jpg
148  <PIL.JpegImagePlugin.JpegImageFile image mode=...  ...         Groove_Billed_Ani_0006_1763.jpg
149  <PIL.JpegImagePlugin.JpegImageFile image mode=...  ...         Groove_Billed_Ani_0036_1604.jpg

[150 rows x 4 columns]
shuffle:                                                  image  ...                               file_name
0    <PIL.JpegImagePlugin.JpegImageFile image mode=...  ...  Black_Footed_Albatross_0065_796068.jpg
1    <PIL.JpegImagePlugin.JpegImageFile image mode=...  ...         Groove_Billed_Ani_0087_1765.jpg
2    <PIL.JpegImagePlugin.JpegImageFile image mode=...  ...         Sooty_Albatross_0049_796350.jpg
3    <PIL.JpegImagePlugin.JpegImageFile image mode=...  ...            Crested_Auklet_0044_1825.jpg
4    <PIL.JpegImagePlugin.JpegImageFile image mode=...  ...         Groove_Billed_Ani_0035_1591.jpg
..                                                 ...  ...                                     ...
127  <PIL.JpegImagePlugin.JpegImageFile image mode=...  ...  Black_Footed_Albatross_0058_796074.jpg
128  <PIL.JpegImagePlugin.JpegImageFile image mode=...  ...         Groove_Billed_Ani_0005_1750.jpg
129  <PIL.JpegImagePlugin.JpegImageFile image mode=...  ...          Crested_Auklet_0042_794902.jpg
130  <PIL.Image.Image image mode=RGB size=500x385 a...  ...           Laysan_Albatross_0091_602.jpg
131  <PIL.Image.Image image mode=RGB size=500x340 a...  ...           Laysan_Albatross_0049_918.jpg

[132 rows x 4 columns]
(282, 1006)
(1006,)
(1006,)
(1006,)
[2, 0, 3, 2, 2, 1, 2, 4, 2, 2]
len x_train: (150, 1006)
type y_train[0]: <class 'int'>
Accuracy: 0.80
Classification Report:
              precision    recall  f1-score   support

           0       0.73      0.53      0.62        30
           1       0.70      0.93      0.80        30
           2       0.67      0.64      0.65        28
           3       1.00      1.00      1.00        30
           4       1.00      0.93      0.96        14

    accuracy                           0.80       132
   macro avg       0.82      0.81      0.81       132
weighted avg       0.80      0.80      0.79       132

