shuffle:                                                   image  ...                            file_name
0     <PIL.JpegImagePlugin.JpegImageFile image mode=...  ...    Nashville_Warbler_0076_167389.jpg
1     <PIL.JpegImagePlugin.JpegImageFile image mode=...  ...  Yellow_Billed_Cuckoo_0050_26424.jpg
2     <PIL.JpegImagePlugin.JpegImageFile image mode=...  ...         Palm_Warbler_0133_169575.jpg
3     <PIL.JpegImagePlugin.JpegImageFile image mode=...  ...         Palm_Warbler_0028_169670.jpg
4     <PIL.JpegImagePlugin.JpegImageFile image mode=...  ...     Chipping_Sparrow_0045_109985.jpg
...                                                 ...  ...                                  ...
5989  <PIL.JpegImagePlugin.JpegImageFile image mode=...  ...    Blue_Headed_Vireo_0097_156272.jpg
5990  <PIL.Image.Image image mode=RGB size=450x319 a...  ...     Chuck_Will_Widow_0006_796986.jpg
5991  <PIL.JpegImagePlugin.JpegImageFile image mode=...  ...       Northern_Fulmar_0083_43618.jpg
5992  <PIL.JpegImagePlugin.JpegImageFile image mode=...  ...  Yellow_Breasted_Chat_0062_21673.jpg
5993  <PIL.JpegImagePlugin.JpegImageFile image mode=...  ...              Blue_Jay_0027_63133.jpg

[5994 rows x 4 columns]
shuffle:                                                   image  ...                                file_name
0     <PIL.JpegImagePlugin.JpegImageFile image mode=...  ...                Geococcyx_0077_104185.jpg
1     <PIL.JpegImagePlugin.JpegImageFile image mode=...  ...  Red_Cockaded_Woodpecker_0030_794711.jpg
2     <PIL.JpegImagePlugin.JpegImageFile image mode=...  ...   White_Throated_Sparrow_0032_128866.jpg
3     <PIL.JpegImagePlugin.JpegImageFile image mode=...  ...               Florida_Jay_0017_65017.jpg
4     <PIL.JpegImagePlugin.JpegImageFile image mode=...  ...      Vermilion_Flycatcher_0026_42375.jpg
...                                                 ...  ...                                      ...
5789  <PIL.JpegImagePlugin.JpegImageFile image mode=...  ...     Bay_Breasted_Warbler_0080_159749.jpg
5790  <PIL.JpegImagePlugin.JpegImageFile image mode=...  ...         Pelagic_Cormorant_0041_23763.jpg
5791  <PIL.JpegImagePlugin.JpegImageFile image mode=...  ...       Boat_Tailed_Grackle_0075_33839.jpg
5792  <PIL.JpegImagePlugin.JpegImageFile image mode=...  ...          Brandt_Cormorant_0036_22937.jpg
5793  <PIL.JpegImagePlugin.JpegImageFile image mode=...  ...         Tropical_Kingbird_0052_69739.jpg

[5794 rows x 4 columns]
(11788, 5425)
(5425,)
(5425,)
(5425,)
[171, 32, 173, 173, 115, 58, 156, 106, 159, 73]
len x_train: (5994, 5425)
type y_train[0]: <class 'int'>
Accuracy: 0.54
Classification Report:
              precision    recall  f1-score   support

           0       0.45      0.43      0.44        30
           1       0.42      0.37      0.39        30
           2       0.54      0.46      0.50        28
           3       0.85      0.77      0.81        30
           4       0.90      0.64      0.75        14
           5       0.90      0.82      0.86        11
           6       0.76      0.96      0.85        23
           7       0.80      0.44      0.57        18
           8       0.69      0.62      0.65        29
           9       0.93      0.93      0.93        30
          10       0.80      0.27      0.40        30
          11       0.82      0.88      0.85        26
          12       0.89      0.80      0.84        30
          13       0.92      0.73      0.81        30
          14       0.88      0.75      0.81        28
          15       1.00      0.86      0.92        28
          16       1.00      0.81      0.90        27
          17       0.80      0.80      0.80        15
          18       0.67      0.76      0.71        29
          19       0.57      0.69      0.62        29
          20       0.71      0.83      0.77        30
          21       0.50      0.19      0.28        26
          22       0.60      0.31      0.41        29
          23       0.75      0.82      0.78        22
          24       0.71      0.33      0.45        30
          25       0.93      0.90      0.92        30
          26       0.52      0.37      0.43        30
          27       0.74      0.86      0.79        29
          28       0.39      0.63      0.48        30
          29       0.35      0.37      0.36        30
          30       0.59      0.67      0.62        30
          31       0.55      0.70      0.62        23
          32       0.65      0.52      0.58        29
          33       0.52      0.45      0.48        29
          34       0.83      0.63      0.72        30
          35       0.69      0.90      0.78        30
          36       0.28      0.52      0.37        29
          37       0.81      0.43      0.57        30
          38       0.14      0.14      0.14        29
          39       0.27      0.27      0.27        30
          40       0.69      0.90      0.78        30
          41       0.68      0.83      0.75        30
          42       0.29      0.07      0.11        29
          43       0.90      0.60      0.72        30
          44       0.45      0.17      0.24        30
          45       0.57      0.93      0.71        30
          46       0.64      0.77      0.70        30
          47       0.78      0.93      0.85        30
          48       0.68      0.43      0.53        30
          49       0.73      0.63      0.68        30
          50       0.77      0.57      0.65        30
          51       0.90      0.63      0.75        30
          52       0.63      0.97      0.76        30
          53       0.77      0.77      0.77        30
          54       0.91      0.70      0.79        30
          55       0.55      0.40      0.46        30
          56       0.90      0.90      0.90        30
          57       0.77      0.61      0.68        28
          58       0.18      0.47      0.26        30
          59       0.23      0.28      0.25        29
          60       0.69      0.90      0.78        30
          61       0.36      0.30      0.33        30
          62       0.86      0.83      0.85        30
          63       0.62      0.17      0.26        30
          64       0.00      0.00      0.00        20
          65       0.21      0.40      0.28        30
          66       0.81      0.43      0.57        30
          67       0.64      0.77      0.70        30
          68       0.66      0.63      0.64        30
          69       0.94      1.00      0.97        30
          70       0.28      0.17      0.21        30
          71       0.32      0.40      0.36        30
          72       0.64      0.47      0.54        30
          73       0.71      0.50      0.59        30
          74       0.96      0.96      0.96        27
          75       0.75      0.30      0.43        30
          76       0.42      0.63      0.51        30
          77       0.26      0.48      0.34        29
          78       0.88      0.47      0.61        30
          79       0.64      0.70      0.67        30
          80       0.73      0.90      0.81        30
          81       0.62      0.67      0.65        30
          82       0.90      0.87      0.88        30
          83       0.89      0.35      0.50        23
          84       0.51      0.67      0.58        30
          85       0.54      0.70      0.61        30
          86       0.89      0.83      0.86        30
          87       0.64      0.77      0.70        30
          88       0.92      0.73      0.81        30
          89       0.67      0.80      0.73        30
          90       0.29      0.27      0.28        30
          91       0.71      0.40      0.51        30
          92       0.42      0.90      0.57        30
          93       0.36      0.80      0.50        30
          94       0.64      0.70      0.67        30
          95       0.89      0.53      0.67        30
          96       0.71      0.59      0.64        29
          97       0.77      0.67      0.71        30
          98       0.67      0.33      0.44        30
          99       0.76      0.83      0.79        30
         100       0.89      0.80      0.84        20
         101       0.33      0.20      0.25        30
         102       0.16      0.13      0.15        30
         103       0.09      0.23      0.13        30
         104       0.44      0.58      0.50        19
         105       0.93      0.87      0.90        30
         106       0.37      0.23      0.29        30
         107       0.81      0.87      0.84        30
         108       0.88      0.73      0.80        30
         109       0.91      0.67      0.77        30
         110       0.40      0.57      0.47        30
         111       0.57      0.57      0.57        30
         112       0.10      0.10      0.10        20
         113       0.71      0.73      0.72        30
         114       0.25      0.21      0.23        29
         115       0.34      0.43      0.38        30
         116       0.03      0.03      0.03        29
         117       0.38      0.17      0.23        30
         118       0.33      0.17      0.23        29
         119       0.48      0.40      0.44        30
         120       0.20      0.07      0.10        30
         121       0.19      0.53      0.28        30
         122       0.22      0.27      0.24        30
         123       0.25      0.10      0.15        29
         124       0.13      0.28      0.17        29
         125       0.00      0.00      0.00        30
         126       0.25      0.30      0.27        30
         127       0.73      0.27      0.39        30
         128       0.29      0.07      0.11        30
         129       0.40      0.13      0.20        30
         130       0.18      0.13      0.15        30
         131       0.31      0.93      0.47        30
         132       0.48      0.47      0.47        30
         133       0.75      0.90      0.82        30
         134       0.50      0.03      0.06        30
         135       0.61      0.47      0.53        30
         136       0.44      0.27      0.33        30
         137       0.57      0.53      0.55        30
         138       0.85      0.73      0.79        30
         139       0.97      0.93      0.95        30
         140       0.71      0.17      0.28        29
         141       0.38      0.20      0.26        30
         142       0.47      0.70      0.56        30
         143       0.32      0.53      0.40        30
         144       0.33      0.40      0.36        30
         145       0.55      0.40      0.46        30
         146       0.59      0.67      0.62        30
         147       0.78      0.97      0.87        30
         148       0.61      0.69      0.65        29
         149       0.35      0.40      0.38        30
         150       0.75      0.43      0.55        21
         151       0.42      0.57      0.49        30
         152       0.29      0.24      0.26        29
         153       0.60      0.40      0.48        30
         154       0.20      0.70      0.31        30
         155       0.37      0.33      0.35        30
         156       0.58      0.24      0.34        29
         157       0.76      0.53      0.63        30
         158       0.76      0.73      0.75        30
         159       0.42      0.52      0.46        29
         160       0.41      0.40      0.41        30
         161       0.65      0.73      0.69        30
         162       0.54      0.43      0.48        30
         163       0.39      0.47      0.42        30
         164       0.51      0.60      0.55        30
         165       0.76      0.86      0.81        29
         166       0.84      0.53      0.65        30
         167       0.58      0.62      0.60        29
         168       0.64      0.55      0.59        29
         169       0.77      0.57      0.65        30
         170       0.70      0.70      0.70        30
         171       0.38      0.67      0.48        30
         172       0.40      0.27      0.32        30
         173       0.53      0.27      0.36        30
         174       0.25      0.43      0.32        30
         175       0.58      0.63      0.60        30
         176       0.54      0.67      0.60        30
         177       0.42      0.19      0.26        26
         178       0.15      0.17      0.16        29
         179       0.57      0.67      0.62        30
         180       0.80      0.69      0.74        29
         181       0.63      0.57      0.60        30
         182       0.27      0.47      0.34        30
         183       0.24      0.57      0.34        30
         184       0.71      0.73      0.72        30
         185       0.76      0.53      0.63        30
         186       0.41      0.60      0.49        20
         187       0.93      0.93      0.93        30
         188       0.73      0.90      0.81        30
         189       1.00      0.31      0.47        29
         190       0.96      0.90      0.93        30
         191       0.83      0.80      0.81        30
         192       0.55      0.60      0.57        30
         193       0.37      0.63      0.46        30
         194       0.61      0.37      0.46        30
         195       0.40      0.07      0.11        30
         196       0.29      0.17      0.21        30
         197       0.40      0.33      0.36        30
         198       0.44      0.50      0.47        30
         199       0.80      0.67      0.73        30

    accuracy                           0.54      5794
   macro avg       0.58      0.54      0.54      5794
weighted avg       0.58      0.54      0.54      5794

