shuffle:                                                  image  ...                           file_name
0    <PIL.JpegImagePlugin.JpegImageFile image mode=...  ...     Groove_Billed_Ani_0065_1502.jpg
1    <PIL.JpegImagePlugin.JpegImageFile image mode=...  ...       Indigo_Bunting_0085_11991.jpg
2    <PIL.JpegImagePlugin.JpegImageFile image mode=...  ...         Gray_Catbird_0127_20034.jpg
3    <PIL.JpegImagePlugin.JpegImageFile image mode=...  ...       Sooty_Albatross_0055_1160.jpg
4    <PIL.JpegImagePlugin.JpegImageFile image mode=...  ...     Parakeet_Auklet_0003_795982.jpg
..                                                 ...  ...                                 ...
595  <PIL.JpegImagePlugin.JpegImageFile image mode=...  ...       Sooty_Albatross_0034_1154.jpg
596  <PIL.JpegImagePlugin.JpegImageFile image mode=...  ...     Groove_Billed_Ani_0055_1501.jpg
597  <PIL.JpegImagePlugin.JpegImageFile image mode=...  ...  Red_Winged_Blackbird_0001_3695.jpg
598  <PIL.JpegImagePlugin.JpegImageFile image mode=...  ...       Lazuli_Bunting_0055_15043.jpg
599  <PIL.JpegImagePlugin.JpegImageFile image mode=...  ...     Groove_Billed_Ani_0036_1604.jpg

[600 rows x 4 columns]
shuffle:                                                  image  ...                        file_name
0    <PIL.JpegImagePlugin.JpegImageFile image mode=...  ...  Spotted_Catbird_0048_796817.jpg
1    <PIL.Image.Image image mode=RGB size=366x500 a...  ...  Parakeet_Auklet_0010_795995.jpg
2    <PIL.JpegImagePlugin.JpegImageFile image mode=...  ...           Bobolink_0106_9126.jpg
3    <PIL.JpegImagePlugin.JpegImageFile image mode=...  ...  Groove_Billed_Ani_0092_1516.jpg
4    <PIL.JpegImagePlugin.JpegImageFile image mode=...  ...    Lazuli_Bunting_0042_14820.jpg
..                                                 ...  ...                              ...
510  <PIL.Image.Image image mode=RGB size=500x333 a...  ...    Sooty_Albatross_0030_1122.jpg
511  <PIL.Image.Image image mode=RGB size=334x500 a...  ...    Rusty_Blackbird_0047_7009.jpg
512  <PIL.JpegImagePlugin.JpegImageFile image mode=...  ...   Painted_Bunting_0054_16711.jpg
513  <PIL.JpegImagePlugin.JpegImageFile image mode=...  ...  Groove_Billed_Ani_0005_1750.jpg
514  <PIL.JpegImagePlugin.JpegImageFile image mode=...  ...           Bobolink_0056_9080.jpg

[515 rows x 4 columns]
(1115, 1910)
(1910,)
(1910,)
(1910,)
[3, 13, 18, 2, 6, 9, 0, 15, 2, 11]
len x_train: (600, 1910)
type y_train[0]: <class 'int'>
Accuracy: 0.87
Classification Report:
              precision    recall  f1-score   support

           0       0.70      0.53      0.60        30
           1       0.72      0.93      0.81        30
           2       0.61      0.61      0.61        28
           3       0.90      0.93      0.92        30
           4       0.85      0.79      0.81        14
           5       0.71      0.91      0.80        11
           6       0.79      1.00      0.88        23
           7       1.00      0.72      0.84        18
           8       0.75      0.83      0.79        29
           9       0.97      0.97      0.97        30
          10       0.95      0.63      0.76        30
          11       0.96      1.00      0.98        26
          12       0.96      0.90      0.93        30
          13       0.97      0.97      0.97        30
          14       0.93      0.96      0.95        28
          15       1.00      0.89      0.94        28
          16       1.00      0.93      0.96        27
          17       0.88      1.00      0.94        15
          18       0.84      0.90      0.87        29
          19       0.94      1.00      0.97        29

    accuracy                           0.87       515
   macro avg       0.87      0.87      0.86       515
weighted avg       0.87      0.87      0.87       515

